<?xml version="1.0" encoding="UTF-8"?>
<coverage generated="1652837567842" clover="3.2.0">
  <project timestamp="1652837567842" name="All files">
    <metrics statements="223" coveredstatements="173" conditionals="107" coveredconditionals="55" methods="40" coveredmethods="30" elements="370" coveredelements="258" complexity="0" loc="223" ncloc="223" packages="1" files="3" classes="3"/>
    <file name="index.js" path="F:\project\webpackModuleGraphPlugin\lib\index.js">
      <metrics statements="26" coveredstatements="13" conditionals="8" coveredconditionals="4" methods="6" coveredmethods="0"/>
      <line num="1" count="1" type="stmt"/>
      <line num="2" count="1" type="stmt"/>
      <line num="3" count="1" type="stmt"/>
      <line num="4" count="1" type="stmt"/>
      <line num="5" count="1" type="stmt"/>
      <line num="6" count="1" type="stmt"/>
      <line num="8" count="1" type="stmt"/>
      <line num="9" count="1" type="cond" truecount="3" falsecount="1"/>
      <line num="11" count="0" type="stmt"/>
      <line num="14" count="1" type="stmt"/>
      <line num="19" count="0" type="stmt"/>
      <line num="21" count="0" type="stmt"/>
      <line num="22" count="0" type="stmt"/>
      <line num="23" count="0" type="stmt"/>
      <line num="26" count="0" type="stmt"/>
      <line num="27" count="0" type="cond" truecount="0" falsecount="2"/>
      <line num="28" count="0" type="stmt"/>
      <line num="33" count="1" type="stmt"/>
      <line num="34" count="0" type="stmt"/>
      <line num="35" count="0" type="stmt"/>
      <line num="36" count="0" type="stmt"/>
      <line num="37" count="0" type="stmt"/>
      <line num="38" count="0" type="stmt"/>
      <line num="43" count="1" type="stmt"/>
      <line num="44" count="1" type="cond" truecount="1" falsecount="1"/>
      <line num="47" count="1" type="stmt"/>
    </file>
    <file name="webpack4Handler.js" path="F:\project\webpackModuleGraphPlugin\lib\webpack4Handler.js">
      <metrics statements="182" coveredstatements="145" conditionals="90" coveredconditionals="45" methods="26" coveredmethods="22"/>
      <line num="1" count="1" type="stmt"/>
      <line num="2" count="1" type="stmt"/>
      <line num="11" count="1" type="stmt"/>
      <line num="13" count="2" type="stmt"/>
      <line num="19" count="2" type="stmt"/>
      <line num="21" count="56" type="stmt"/>
      <line num="22" count="56" type="cond" truecount="2" falsecount="0"/>
      <line num="23" count="36" type="stmt"/>
      <line num="26" count="20" type="stmt"/>
      <line num="27" count="20" type="cond" truecount="1" falsecount="1"/>
      <line num="28" count="0" type="stmt"/>
      <line num="31" count="20" type="cond" truecount="1" falsecount="1"/>
      <line num="32" count="0" type="stmt"/>
      <line num="35" count="20" type="stmt"/>
      <line num="42" count="2" type="stmt"/>
      <line num="43" count="4" type="stmt"/>
      <line num="44" count="4" type="stmt"/>
      <line num="58" count="2" type="stmt"/>
      <line num="59" count="10" type="stmt"/>
      <line num="60" count="10" type="stmt"/>
      <line num="61" count="10" type="stmt"/>
      <line num="62" count="14" type="stmt"/>
      <line num="63" count="14" type="stmt"/>
      <line num="64" count="14" type="stmt"/>
      <line num="66" count="14" type="cond" truecount="1" falsecount="1"/>
      <line num="67" count="14" type="stmt"/>
      <line num="68" count="0" type="stmt"/>
      <line num="72" count="14" type="cond" truecount="1" falsecount="1"/>
      <line num="73" count="56" type="stmt"/>
      <line num="76" count="14" type="cond" truecount="1" falsecount="1"/>
      <line num="77" count="14" type="stmt"/>
      <line num="80" count="14" type="stmt"/>
      <line num="84" count="14" type="stmt"/>
      <line num="87" count="2" type="stmt"/>
      <line num="94" count="1" type="stmt"/>
      <line num="95" count="19" type="stmt"/>
      <line num="96" count="19" type="cond" truecount="2" falsecount="0"/>
      <line num="98" count="9" type="stmt"/>
      <line num="99" count="19" type="stmt"/>
      <line num="100" count="19" type="stmt"/>
      <line num="111" count="1" type="stmt"/>
      <line num="118" count="1" type="stmt"/>
      <line num="133" count="1" type="stmt"/>
      <line num="134" count="15" type="stmt"/>
      <line num="142" count="1" type="stmt"/>
      <line num="143" count="15" type="stmt"/>
      <line num="144" count="15" type="cond" truecount="4" falsecount="10"/>
      <line num="149" count="3" type="stmt"/>
      <line num="150" count="3" type="cond" truecount="1" falsecount="1"/>
      <line num="151" count="0" type="stmt"/>
      <line num="152" count="0" type="cond" truecount="0" falsecount="2"/>
      <line num="153" count="0" type="stmt"/>
      <line num="154" count="0" type="stmt"/>
      <line num="158" count="3" type="stmt"/>
      <line num="159" count="3" type="cond" truecount="1" falsecount="1"/>
      <line num="160" count="3" type="cond" truecount="1" falsecount="1"/>
      <line num="161" count="0" type="cond" truecount="0" falsecount="2"/>
      <line num="162" count="0" type="cond" truecount="0" falsecount="2"/>
      <line num="165" count="3" type="stmt"/>
      <line num="169" count="3" type="stmt"/>
      <line num="171" count="12" type="stmt"/>
      <line num="172" count="12" type="cond" truecount="1" falsecount="1"/>
      <line num="173" count="12" type="stmt"/>
      <line num="174" count="12" type="stmt"/>
      <line num="175" count="12" type="cond" truecount="4" falsecount="0"/>
      <line num="176" count="2" type="stmt"/>
      <line num="178" count="10" type="stmt"/>
      <line num="179" count="10" type="cond" truecount="1" falsecount="1"/>
      <line num="181" count="12" type="stmt"/>
      <line num="185" count="12" type="stmt"/>
      <line num="187" count="0" type="stmt"/>
      <line num="188" count="0" type="cond" truecount="0" falsecount="2"/>
      <line num="189" count="0" type="stmt"/>
      <line num="195" count="0" type="stmt"/>
      <line num="201" count="0" type="stmt"/>
      <line num="203" count="0" type="cond" truecount="0" falsecount="2"/>
      <line num="204" count="0" type="stmt"/>
      <line num="210" count="0" type="stmt"/>
      <line num="211" count="0" type="stmt"/>
      <line num="214" count="0" type="stmt"/>
      <line num="216" count="0" type="cond" truecount="0" falsecount="2"/>
      <line num="217" count="0" type="stmt"/>
      <line num="223" count="0" type="stmt"/>
      <line num="226" count="0" type="stmt"/>
      <line num="228" count="0" type="stmt"/>
      <line num="229" count="0" type="cond" truecount="0" falsecount="2"/>
      <line num="230" count="0" type="stmt"/>
      <line num="238" count="0" type="stmt"/>
      <line num="240" count="0" type="cond" truecount="0" falsecount="2"/>
      <line num="241" count="0" type="stmt"/>
      <line num="249" count="0" type="stmt"/>
      <line num="254" count="0" type="cond" truecount="0" falsecount="2"/>
      <line num="255" count="0" type="stmt"/>
      <line num="259" count="0" type="stmt"/>
      <line num="261" count="15" type="stmt"/>
      <line num="262" count="15" type="stmt"/>
      <line num="263" count="15" type="stmt"/>
      <line num="264" count="15" type="stmt"/>
      <line num="265" count="15" type="cond" truecount="2" falsecount="0"/>
      <line num="266" count="15" type="stmt"/>
      <line num="273" count="1" type="stmt"/>
      <line num="280" count="1" type="stmt"/>
      <line num="281" count="1" type="stmt"/>
      <line num="283" count="1" type="stmt"/>
      <line num="284" count="1" type="stmt"/>
      <line num="287" count="1" type="stmt"/>
      <line num="288" count="1" type="stmt"/>
      <line num="292" count="1" type="stmt"/>
      <line num="293" count="1" type="stmt"/>
      <line num="295" count="1" type="stmt"/>
      <line num="296" count="1" type="stmt"/>
      <line num="297" count="9" type="stmt"/>
      <line num="298" count="9" type="stmt"/>
      <line num="299" count="9" type="stmt"/>
      <line num="300" count="9" type="stmt"/>
      <line num="303" count="9" type="cond" truecount="2" falsecount="0"/>
      <line num="304" count="2" type="stmt"/>
      <line num="305" count="2" type="stmt"/>
      <line num="309" count="2" type="stmt"/>
      <line num="310" count="2" type="stmt"/>
      <line num="313" count="7" type="stmt"/>
      <line num="314" count="7" type="stmt"/>
      <line num="316" count="7" type="stmt"/>
      <line num="317" count="7" type="cond" truecount="2" falsecount="0"/>
      <line num="318" count="7" type="cond" truecount="2" falsecount="0"/>
      <line num="321" count="9" type="stmt"/>
      <line num="324" count="1" type="stmt"/>
      <line num="325" count="1" type="stmt"/>
      <line num="326" count="1" type="stmt"/>
      <line num="329" count="1" type="stmt"/>
      <line num="330" count="1" type="stmt"/>
      <line num="332" count="1" type="stmt"/>
      <line num="333" count="1" type="stmt"/>
      <line num="336" count="6" type="cond" truecount="1" falsecount="1"/>
      <line num="338" count="6" type="stmt"/>
      <line num="339" count="6" type="stmt"/>
      <line num="340" count="6" type="stmt"/>
      <line num="342" count="6" type="cond" truecount="1" falsecount="1"/>
      <line num="343" count="0" type="stmt"/>
      <line num="344" count="0" type="stmt"/>
      <line num="345" count="0" type="stmt"/>
      <line num="346" count="0" type="stmt"/>
      <line num="351" count="6" type="stmt"/>
      <line num="352" count="6" type="stmt"/>
      <line num="354" count="6" type="stmt"/>
      <line num="355" count="6" type="cond" truecount="2" falsecount="0"/>
      <line num="359" count="5" type="stmt"/>
      <line num="360" count="5" type="stmt"/>
      <line num="362" count="6" type="cond" truecount="2" falsecount="0"/>
      <line num="365" count="2" type="stmt"/>
      <line num="366" count="2" type="stmt"/>
      <line num="367" count="2" type="cond" truecount="2" falsecount="0"/>
      <line num="368" count="1" type="stmt"/>
      <line num="369" count="1" type="cond" truecount="1" falsecount="1"/>
      <line num="370" count="1" type="stmt"/>
      <line num="378" count="6" type="stmt"/>
      <line num="381" count="1" type="stmt"/>
      <line num="382" count="1" type="stmt"/>
      <line num="383" count="1" type="stmt"/>
      <line num="385" count="1" type="stmt"/>
      <line num="386" count="2" type="stmt"/>
      <line num="387" count="2" type="cond" truecount="1" falsecount="1"/>
      <line num="388" count="2" type="stmt"/>
      <line num="389" count="2" type="stmt"/>
      <line num="390" count="2" type="stmt"/>
      <line num="391" count="2" type="stmt"/>
      <line num="392" count="2" type="stmt"/>
      <line num="393" count="2" type="cond" truecount="2" falsecount="0"/>
      <line num="394" count="1" type="stmt"/>
      <line num="396" count="1" type="stmt"/>
      <line num="397" count="1" type="stmt"/>
      <line num="401" count="1" type="stmt"/>
      <line num="404" count="1" type="stmt"/>
      <line num="405" count="1" type="stmt"/>
      <line num="407" count="1" type="stmt"/>
      <line num="420" count="2" type="stmt"/>
      <line num="426" count="1" type="stmt"/>
      <line num="427" count="1" type="stmt"/>
      <line num="428" count="1" type="cond" truecount="1" falsecount="1"/>
      <line num="429" count="1" type="stmt"/>
      <line num="430" count="1" type="cond" truecount="1" falsecount="1"/>
      <line num="431" count="1" type="stmt"/>
    </file>
    <file name="webpack4Plugin.js" path="F:\project\webpackModuleGraphPlugin\lib\webpack4Plugin.js">
      <metrics statements="15" coveredstatements="15" conditionals="9" coveredconditionals="6" methods="8" coveredmethods="8"/>
      <line num="1" count="1" type="stmt"/>
      <line num="3" count="1" type="stmt"/>
      <line num="4" count="1" type="stmt"/>
      <line num="5" count="1" type="stmt"/>
      <line num="7" count="2" type="cond" truecount="2" falsecount="0"/>
      <line num="8" count="1" type="stmt"/>
      <line num="12" count="1" type="stmt"/>
      <line num="14" count="1" type="cond" truecount="1" falsecount="1"/>
      <line num="15" count="1" type="stmt"/>
      <line num="17" count="1" type="stmt"/>
      <line num="19" count="1" type="stmt"/>
      <line num="20" count="1" type="stmt"/>
      <line num="21" count="1" type="cond" truecount="1" falsecount="1"/>
      <line num="22" count="1" type="cond" truecount="1" falsecount="1"/>
      <line num="29" count="1" type="stmt"/>
    </file>
  </project>
</coverage>
