<?xml version="1.0" encoding="UTF-8"?>
<coverage generated="1652205324266" clover="3.2.0">
  <project timestamp="1652205324266" name="All files">
    <metrics statements="166" coveredstatements="129" conditionals="61" coveredconditionals="34" methods="32" coveredmethods="21" elements="259" coveredelements="184" complexity="0" loc="166" ncloc="166" packages="1" files="2" classes="2"/>
    <file name="webpack4Handler.js" path="F:\project\webpackModuleGraphPlugin\lib\webpack4Handler.js">
      <metrics statements="160" coveredstatements="126" conditionals="59" coveredconditionals="34" methods="30" coveredmethods="21"/>
      <line num="1" count="2" type="stmt"/>
      <line num="2" count="2" type="stmt"/>
      <line num="11" count="2" type="stmt"/>
      <line num="13" count="2" type="stmt"/>
      <line num="19" count="2" type="stmt"/>
      <line num="21" count="62" type="stmt"/>
      <line num="22" count="62" type="cond" truecount="2" falsecount="0"/>
      <line num="23" count="44" type="stmt"/>
      <line num="26" count="18" type="stmt"/>
      <line num="27" count="18" type="cond" truecount="1" falsecount="1"/>
      <line num="28" count="0" type="stmt"/>
      <line num="31" count="18" type="cond" truecount="1" falsecount="1"/>
      <line num="32" count="0" type="stmt"/>
      <line num="35" count="18" type="stmt"/>
      <line num="42" count="2" type="stmt"/>
      <line num="43" count="4" type="stmt"/>
      <line num="44" count="4" type="stmt"/>
      <line num="58" count="2" type="stmt"/>
      <line num="59" count="9" type="stmt"/>
      <line num="60" count="9" type="stmt"/>
      <line num="61" count="9" type="stmt"/>
      <line num="62" count="13" type="stmt"/>
      <line num="63" count="13" type="stmt"/>
      <line num="64" count="13" type="stmt"/>
      <line num="66" count="13" type="cond" truecount="1" falsecount="1"/>
      <line num="67" count="13" type="stmt"/>
      <line num="68" count="0" type="stmt"/>
      <line num="72" count="13" type="cond" truecount="1" falsecount="1"/>
      <line num="73" count="62" type="stmt"/>
      <line num="76" count="13" type="cond" truecount="1" falsecount="1"/>
      <line num="77" count="13" type="stmt"/>
      <line num="80" count="13" type="stmt"/>
      <line num="84" count="13" type="stmt"/>
      <line num="87" count="2" type="stmt"/>
      <line num="94" count="2" type="stmt"/>
      <line num="95" count="0" type="stmt"/>
      <line num="96" count="0" type="cond" truecount="0" falsecount="2"/>
      <line num="98" count="0" type="stmt"/>
      <line num="99" count="0" type="stmt"/>
      <line num="100" count="0" type="stmt"/>
      <line num="111" count="2" type="stmt"/>
      <line num="117" count="0" type="stmt"/>
      <line num="131" count="2" type="stmt"/>
      <line num="132" count="16" type="stmt"/>
      <line num="140" count="2" type="stmt"/>
      <line num="141" count="20" type="stmt"/>
      <line num="142" count="20" type="cond" truecount="3" falsecount="10"/>
      <line num="145" count="4" type="stmt"/>
      <line num="146" count="4" type="stmt"/>
      <line num="147" count="4" type="stmt"/>
      <line num="151" count="4" type="stmt"/>
      <line num="153" count="0" type="stmt"/>
      <line num="154" count="0" type="stmt"/>
      <line num="155" count="0" type="stmt"/>
      <line num="163" count="0" type="stmt"/>
      <line num="165" count="15" type="stmt"/>
      <line num="166" count="15" type="stmt"/>
      <line num="167" count="15" type="stmt"/>
      <line num="168" count="15" type="stmt"/>
      <line num="169" count="15" type="cond" truecount="4" falsecount="0"/>
      <line num="170" count="2" type="stmt"/>
      <line num="172" count="13" type="stmt"/>
      <line num="173" count="13" type="cond" truecount="1" falsecount="1"/>
      <line num="175" count="15" type="stmt"/>
      <line num="179" count="15" type="stmt"/>
      <line num="181" count="1" type="stmt"/>
      <line num="182" count="1" type="stmt"/>
      <line num="183" count="1" type="stmt"/>
      <line num="189" count="3" type="stmt"/>
      <line num="195" count="1" type="stmt"/>
      <line num="197" count="0" type="stmt"/>
      <line num="198" count="0" type="stmt"/>
      <line num="204" count="0" type="stmt"/>
      <line num="205" count="0" type="stmt"/>
      <line num="208" count="0" type="stmt"/>
      <line num="210" count="0" type="stmt"/>
      <line num="211" count="0" type="stmt"/>
      <line num="217" count="0" type="stmt"/>
      <line num="220" count="0" type="stmt"/>
      <line num="222" count="0" type="stmt"/>
      <line num="223" count="0" type="stmt"/>
      <line num="224" count="0" type="stmt"/>
      <line num="232" count="0" type="stmt"/>
      <line num="238" count="0" type="stmt"/>
      <line num="242" count="0" type="stmt"/>
      <line num="244" count="20" type="stmt"/>
      <line num="245" count="20" type="stmt"/>
      <line num="246" count="20" type="stmt"/>
      <line num="247" count="20" type="stmt"/>
      <line num="248" count="20" type="cond" truecount="2" falsecount="0"/>
      <line num="249" count="20" type="stmt"/>
      <line num="256" count="2" type="stmt"/>
      <line num="262" count="2" type="stmt"/>
      <line num="264" count="2" type="stmt"/>
      <line num="265" count="2" type="stmt"/>
      <line num="267" count="2" type="stmt"/>
      <line num="268" count="2" type="stmt"/>
      <line num="270" count="2" type="stmt"/>
      <line num="271" count="2" type="stmt"/>
      <line num="272" count="2" type="stmt"/>
      <line num="275" count="2" type="stmt"/>
      <line num="276" count="2" type="cond" truecount="2" falsecount="0"/>
      <line num="277" count="4" type="stmt"/>
      <line num="279" count="1" type="stmt"/>
      <line num="283" count="4" type="stmt"/>
      <line num="284" count="2" type="stmt"/>
      <line num="286" count="2" type="stmt"/>
      <line num="287" count="2" type="stmt"/>
      <line num="288" count="10" type="stmt"/>
      <line num="289" count="9" type="stmt"/>
      <line num="290" count="9" type="stmt"/>
      <line num="291" count="9" type="stmt"/>
      <line num="294" count="9" type="cond" truecount="2" falsecount="0"/>
      <line num="295" count="2" type="stmt"/>
      <line num="296" count="2" type="stmt"/>
      <line num="300" count="2" type="stmt"/>
      <line num="301" count="2" type="stmt"/>
      <line num="304" count="7" type="stmt"/>
      <line num="305" count="7" type="stmt"/>
      <line num="307" count="7" type="stmt"/>
      <line num="308" count="7" type="cond" truecount="2" falsecount="0"/>
      <line num="309" count="7" type="cond" truecount="2" falsecount="0"/>
      <line num="312" count="9" type="stmt"/>
      <line num="315" count="2" type="stmt"/>
      <line num="318" count="11" type="cond" truecount="1" falsecount="1"/>
      <line num="320" count="11" type="stmt"/>
      <line num="321" count="11" type="stmt"/>
      <line num="322" count="11" type="stmt"/>
      <line num="324" count="11" type="cond" truecount="1" falsecount="1"/>
      <line num="325" count="0" type="stmt"/>
      <line num="326" count="0" type="stmt"/>
      <line num="327" count="0" type="stmt"/>
      <line num="328" count="0" type="stmt"/>
      <line num="333" count="11" type="stmt"/>
      <line num="334" count="11" type="stmt"/>
      <line num="336" count="11" type="stmt"/>
      <line num="337" count="11" type="cond" truecount="2" falsecount="0"/>
      <line num="338" count="9" type="stmt"/>
      <line num="339" count="9" type="stmt"/>
      <line num="341" count="11" type="cond" truecount="2" falsecount="0"/>
      <line num="342" count="4" type="stmt"/>
      <line num="343" count="4" type="stmt"/>
      <line num="344" count="8" type="stmt"/>
      <line num="345" count="8" type="cond" truecount="2" falsecount="0"/>
      <line num="347" count="4" type="stmt"/>
      <line num="351" count="11" type="stmt"/>
      <line num="354" count="2" type="stmt"/>
      <line num="355" count="2" type="stmt"/>
      <line num="356" count="2" type="stmt"/>
      <line num="358" count="2" type="stmt"/>
      <line num="359" count="2" type="stmt"/>
      <line num="360" count="2" type="stmt"/>
      <line num="362" count="2" type="stmt"/>
      <line num="363" count="2" type="stmt"/>
      <line num="365" count="2" type="stmt"/>
      <line num="378" count="4" type="stmt"/>
      <line num="383" count="2" type="stmt"/>
      <line num="384" count="0" type="cond" truecount="0" falsecount="2"/>
      <line num="385" count="0" type="cond" truecount="0" falsecount="2"/>
      <line num="387" count="2" type="stmt"/>
    </file>
    <file name="webpack4Plugin.js" path="F:\project\webpackModuleGraphPlugin\lib\webpack4Plugin.js">
      <metrics statements="6" coveredstatements="3" conditionals="2" coveredconditionals="0" methods="2" coveredmethods="0"/>
      <line num="1" count="2" type="stmt"/>
      <line num="3" count="2" type="stmt"/>
      <line num="5" count="2" type="stmt"/>
      <line num="7" count="0" type="stmt"/>
      <line num="9" count="0" type="cond" truecount="0" falsecount="2"/>
      <line num="10" count="0" type="stmt"/>
    </file>
  </project>
</coverage>
