{"F:\\project\\webpackModuleGraphPlugin\\lib\\index.js": {"path":"F:\\project\\webpackModuleGraphPlugin\\lib\\index.js","statementMap":{"0":{"start":{"line":1,"column":13},"end":{"line":1,"column":29}},"1":{"start":{"line":2,"column":16},"end":{"line":2,"column":35}},"2":{"start":{"line":3,"column":13},"end":{"line":3,"column":29}},"3":{"start":{"line":4,"column":16},"end":{"line":4,"column":35}},"4":{"start":{"line":5,"column":12},"end":{"line":5,"column":27}},"5":{"start":{"line":6,"column":13},"end":{"line":6,"column":17}},"6":{"start":{"line":8,"column":19},"end":{"line":8,"column":23}},"7":{"start":{"line":9,"column":0},"end":{"line":15,"column":1}},"8":{"start":{"line":11,"column":2},"end":{"line":11,"column":48}},"9":{"start":{"line":14,"column":2},"end":{"line":14,"column":48}},"10":{"start":{"line":19,"column":15},"end":{"line":19,"column":48}},"11":{"start":{"line":21,"column":2},"end":{"line":24,"column":4}},"12":{"start":{"line":22,"column":4},"end":{"line":22,"column":19}},"13":{"start":{"line":23,"column":4},"end":{"line":23,"column":15}},"14":{"start":{"line":26,"column":2},"end":{"line":30,"column":4}},"15":{"start":{"line":27,"column":4},"end":{"line":29,"column":5}},"16":{"start":{"line":28,"column":6},"end":{"line":28,"column":83}},"17":{"start":{"line":33,"column":20},"end":{"line":40,"column":2}},"18":{"start":{"line":33,"column":26},"end":{"line":40,"column":2}},"19":{"start":{"line":34,"column":14},"end":{"line":34,"column":24}},"20":{"start":{"line":35,"column":2},"end":{"line":35,"column":62}},"21":{"start":{"line":36,"column":2},"end":{"line":39,"column":4}},"22":{"start":{"line":37,"column":4},"end":{"line":37,"column":61}},"23":{"start":{"line":38,"column":4},"end":{"line":38,"column":43}},"24":{"start":{"line":43,"column":13},"end":{"line":43,"column":58}},"25":{"start":{"line":44,"column":0},"end":{"line":44,"column":29}},"26":{"start":{"line":44,"column":15},"end":{"line":44,"column":29}},"27":{"start":{"line":47,"column":0},"end":{"line":47,"column":26}},"28":{"start":{"line":48,"column":0},"end":{"line":48,"column":43}}},"fnMap":{"0":{"name":"portIsOccupied","decl":{"start":{"line":18,"column":9},"end":{"line":18,"column":23}},"loc":{"start":{"line":18,"column":41},"end":{"line":31,"column":1}},"line":18},"1":{"name":"(anonymous_1)","decl":{"start":{"line":21,"column":26},"end":{"line":21,"column":27}},"loc":{"start":{"line":21,"column":38},"end":{"line":24,"column":3}},"line":21},"2":{"name":"(anonymous_2)","decl":{"start":{"line":26,"column":22},"end":{"line":26,"column":23}},"loc":{"start":{"line":26,"column":37},"end":{"line":30,"column":3}},"line":26},"3":{"name":"(anonymous_3)","decl":{"start":{"line":33,"column":20},"end":{"line":33,"column":21}},"loc":{"start":{"line":33,"column":26},"end":{"line":40,"column":2}},"line":33},"4":{"name":"(anonymous_4)","decl":{"start":{"line":33,"column":48},"end":{"line":33,"column":49}},"loc":{"start":{"line":33,"column":54},"end":{"line":40,"column":1}},"line":33},"5":{"name":"(anonymous_5)","decl":{"start":{"line":36,"column":20},"end":{"line":36,"column":21}},"loc":{"start":{"line":36,"column":38},"end":{"line":39,"column":3}},"line":36}},"branchMap":{"0":{"loc":{"start":{"line":9,"column":0},"end":{"line":15,"column":1}},"type":"if","locations":[{"start":{"line":9,"column":0},"end":{"line":15,"column":1}},{"start":{"line":12,"column":7},"end":{"line":15,"column":1}}],"line":9},"1":{"loc":{"start":{"line":9,"column":4},"end":{"line":9,"column":45}},"type":"binary-expr","locations":[{"start":{"line":9,"column":4},"end":{"line":9,"column":19}},{"start":{"line":9,"column":23},"end":{"line":9,"column":45}}],"line":9},"2":{"loc":{"start":{"line":27,"column":4},"end":{"line":29,"column":5}},"type":"if","locations":[{"start":{"line":27,"column":4},"end":{"line":29,"column":5}},{"start":{},"end":{}}],"line":27},"3":{"loc":{"start":{"line":44,"column":0},"end":{"line":44,"column":29}},"type":"if","locations":[{"start":{"line":44,"column":0},"end":{"line":44,"column":29}},{"start":{},"end":{}}],"line":44}},"s":{"0":2,"1":2,"2":2,"3":2,"4":2,"5":2,"6":2,"7":2,"8":0,"9":2,"10":0,"11":0,"12":0,"13":0,"14":0,"15":0,"16":0,"17":2,"18":0,"19":0,"20":0,"21":0,"22":0,"23":0,"24":2,"25":2,"26":0,"27":2,"28":2},"f":{"0":0,"1":0,"2":0,"3":0,"4":0,"5":0},"b":{"0":[0,2],"1":[2,2],"2":[0,0],"3":[0,2]},"inputSourceMap":null,"_coverageSchema":"1a1c01bbd47fc00a2c39e90264f33305004495a9","hash":"cc511636f550087b44c8bbee024b676f0bef61ca"}
,"F:\\project\\webpackModuleGraphPlugin\\lib\\webpack4Handler.js": {"path":"F:\\project\\webpackModuleGraphPlugin\\lib\\webpack4Handler.js","statementMap":{"0":{"start":{"line":1,"column":11},"end":{"line":1,"column":25}},"1":{"start":{"line":2,"column":13},"end":{"line":2,"column":29}},"2":{"start":{"line":11,"column":28},"end":{"line":88,"column":1}},"3":{"start":{"line":13,"column":23},"end":{"line":13,"column":33}},"4":{"start":{"line":19,"column":29},"end":{"line":36,"column":3}},"5":{"start":{"line":21,"column":16},"end":{"line":21,"column":69}},"6":{"start":{"line":22,"column":4},"end":{"line":24,"column":5}},"7":{"start":{"line":23,"column":6},"end":{"line":23,"column":12}},"8":{"start":{"line":26,"column":22},"end":{"line":26,"column":32}},"9":{"start":{"line":27,"column":4},"end":{"line":29,"column":5}},"10":{"start":{"line":28,"column":6},"end":{"line":28,"column":12}},"11":{"start":{"line":31,"column":4},"end":{"line":33,"column":5}},"12":{"start":{"line":32,"column":6},"end":{"line":32,"column":12}},"13":{"start":{"line":35,"column":4},"end":{"line":35,"column":36}},"14":{"start":{"line":42,"column":31},"end":{"line":45,"column":3}},"15":{"start":{"line":43,"column":4},"end":{"line":43,"column":28}},"16":{"start":{"line":44,"column":4},"end":{"line":44,"column":23}},"17":{"start":{"line":58,"column":2},"end":{"line":86,"column":3}},"18":{"start":{"line":59,"column":4},"end":{"line":59,"column":25}},"19":{"start":{"line":60,"column":4},"end":{"line":60,"column":26}},"20":{"start":{"line":61,"column":4},"end":{"line":85,"column":5}},"21":{"start":{"line":62,"column":6},"end":{"line":62,"column":31}},"22":{"start":{"line":63,"column":6},"end":{"line":63,"column":35}},"23":{"start":{"line":64,"column":6},"end":{"line":64,"column":26}},"24":{"start":{"line":66,"column":6},"end":{"line":70,"column":7}},"25":{"start":{"line":67,"column":8},"end":{"line":69,"column":9}},"26":{"start":{"line":68,"column":10},"end":{"line":68,"column":75}},"27":{"start":{"line":68,"column":51},"end":{"line":68,"column":75}},"28":{"start":{"line":72,"column":6},"end":{"line":74,"column":7}},"29":{"start":{"line":73,"column":8},"end":{"line":73,"column":70}},"30":{"start":{"line":73,"column":46},"end":{"line":73,"column":70}},"31":{"start":{"line":76,"column":6},"end":{"line":78,"column":7}},"32":{"start":{"line":77,"column":8},"end":{"line":77,"column":62}},"33":{"start":{"line":77,"column":38},"end":{"line":77,"column":62}},"34":{"start":{"line":80,"column":24},"end":{"line":83,"column":7}},"35":{"start":{"line":84,"column":6},"end":{"line":84,"column":41}},"36":{"start":{"line":87,"column":2},"end":{"line":87,"column":21}},"37":{"start":{"line":94,"column":19},"end":{"line":101,"column":1}},"38":{"start":{"line":95,"column":15},"end":{"line":95,"column":35}},"39":{"start":{"line":96,"column":2},"end":{"line":98,"column":34}},"40":{"start":{"line":96,"column":30},"end":{"line":96,"column":52}},"41":{"start":{"line":98,"column":7},"end":{"line":98,"column":34}},"42":{"start":{"line":99,"column":2},"end":{"line":99,"column":45}},"43":{"start":{"line":99,"column":30},"end":{"line":99,"column":44}},"44":{"start":{"line":100,"column":2},"end":{"line":100,"column":13}},"45":{"start":{"line":111,"column":21},"end":{"line":127,"column":1}},"46":{"start":{"line":118,"column":2},"end":{"line":126,"column":3}},"47":{"start":{"line":133,"column":19},"end":{"line":135,"column":1}},"48":{"start":{"line":134,"column":2},"end":{"line":134,"column":37}},"49":{"start":{"line":142,"column":16},"end":{"line":252,"column":1}},"50":{"start":{"line":143,"column":45},"end":{"line":143,"column":47}},"51":{"start":{"line":144,"column":2},"end":{"line":245,"column":3}},"52":{"start":{"line":147,"column":6},"end":{"line":147,"column":45}},"53":{"start":{"line":148,"column":6},"end":{"line":148,"column":56}},"54":{"start":{"line":148,"column":51},"end":{"line":148,"column":55}},"55":{"start":{"line":149,"column":6},"end":{"line":152,"column":7}},"56":{"start":{"line":153,"column":6},"end":{"line":153,"column":11}},"57":{"start":{"line":155,"column":6},"end":{"line":155,"column":50}},"58":{"start":{"line":156,"column":6},"end":{"line":156,"column":54}},"59":{"start":{"line":156,"column":49},"end":{"line":156,"column":53}},"60":{"start":{"line":157,"column":6},"end":{"line":164,"column":7}},"61":{"start":{"line":165,"column":6},"end":{"line":165,"column":11}},"62":{"start":{"line":167,"column":6},"end":{"line":167,"column":43}},"63":{"start":{"line":168,"column":6},"end":{"line":168,"column":61}},"64":{"start":{"line":168,"column":39},"end":{"line":168,"column":61}},"65":{"start":{"line":169,"column":6},"end":{"line":169,"column":39}},"66":{"start":{"line":170,"column":18},"end":{"line":170,"column":36}},"67":{"start":{"line":171,"column":6},"end":{"line":176,"column":7}},"68":{"start":{"line":172,"column":8},"end":{"line":172,"column":34}},"69":{"start":{"line":174,"column":25},"end":{"line":174,"column":48}},"70":{"start":{"line":175,"column":8},"end":{"line":175,"column":67}},"71":{"start":{"line":175,"column":31},"end":{"line":175,"column":67}},"72":{"start":{"line":177,"column":6},"end":{"line":180,"column":7}},"73":{"start":{"line":181,"column":6},"end":{"line":181,"column":11}},"74":{"start":{"line":183,"column":6},"end":{"line":183,"column":54}},"75":{"start":{"line":184,"column":6},"end":{"line":184,"column":61}},"76":{"start":{"line":184,"column":39},"end":{"line":184,"column":61}},"77":{"start":{"line":185,"column":6},"end":{"line":196,"column":7}},"78":{"start":{"line":191,"column":62},"end":{"line":194,"column":11}},"79":{"start":{"line":197,"column":6},"end":{"line":197,"column":11}},"80":{"start":{"line":199,"column":6},"end":{"line":199,"column":61}},"81":{"start":{"line":199,"column":39},"end":{"line":199,"column":61}},"82":{"start":{"line":200,"column":6},"end":{"line":209,"column":7}},"83":{"start":{"line":206,"column":52},"end":{"line":206,"column":61}},"84":{"start":{"line":207,"column":38},"end":{"line":207,"column":47}},"85":{"start":{"line":210,"column":6},"end":{"line":210,"column":11}},"86":{"start":{"line":212,"column":6},"end":{"line":212,"column":61}},"87":{"start":{"line":212,"column":39},"end":{"line":212,"column":61}},"88":{"start":{"line":213,"column":6},"end":{"line":221,"column":7}},"89":{"start":{"line":219,"column":48},"end":{"line":219,"column":57}},"90":{"start":{"line":222,"column":6},"end":{"line":222,"column":11}},"91":{"start":{"line":224,"column":6},"end":{"line":224,"column":49}},"92":{"start":{"line":225,"column":6},"end":{"line":225,"column":61}},"93":{"start":{"line":225,"column":39},"end":{"line":225,"column":61}},"94":{"start":{"line":226,"column":6},"end":{"line":233,"column":7}},"95":{"start":{"line":234,"column":6},"end":{"line":234,"column":11}},"96":{"start":{"line":240,"column":6},"end":{"line":243,"column":7}},"97":{"start":{"line":244,"column":6},"end":{"line":244,"column":11}},"98":{"start":{"line":246,"column":2},"end":{"line":246,"column":22}},"99":{"start":{"line":247,"column":2},"end":{"line":247,"column":25}},"100":{"start":{"line":248,"column":2},"end":{"line":248,"column":26}},"101":{"start":{"line":249,"column":2},"end":{"line":249,"column":27}},"102":{"start":{"line":250,"column":2},"end":{"line":250,"column":52}},"103":{"start":{"line":250,"column":26},"end":{"line":250,"column":52}},"104":{"start":{"line":251,"column":2},"end":{"line":251,"column":15}},"105":{"start":{"line":258,"column":17},"end":{"line":262,"column":1}},"106":{"start":{"line":264,"column":12},"end":{"line":264,"column":13}},"107":{"start":{"line":266,"column":20},"end":{"line":266,"column":50}},"108":{"start":{"line":267,"column":20},"end":{"line":267,"column":22}},"109":{"start":{"line":269,"column":22},"end":{"line":269,"column":52}},"110":{"start":{"line":270,"column":22},"end":{"line":270,"column":24}},"111":{"start":{"line":272,"column":0},"end":{"line":396,"column":1}},"112":{"start":{"line":273,"column":37},"end":{"line":273,"column":48}},"113":{"start":{"line":274,"column":19},"end":{"line":274,"column":21}},"114":{"start":{"line":277,"column":2},"end":{"line":283,"column":4}},"115":{"start":{"line":278,"column":4},"end":{"line":282,"column":5}},"116":{"start":{"line":279,"column":6},"end":{"line":279,"column":93}},"117":{"start":{"line":279,"column":64},"end":{"line":279,"column":91}},"118":{"start":{"line":281,"column":6},"end":{"line":281,"column":29}},"119":{"start":{"line":285,"column":22},"end":{"line":285,"column":58}},"120":{"start":{"line":285,"column":42},"end":{"line":285,"column":57}},"121":{"start":{"line":286,"column":23},"end":{"line":286,"column":56}},"122":{"start":{"line":288,"column":18},"end":{"line":288,"column":28}},"123":{"start":{"line":289,"column":22},"end":{"line":316,"column":3}},"124":{"start":{"line":290,"column":4},"end":{"line":315,"column":6}},"125":{"start":{"line":291,"column":25},"end":{"line":291,"column":64}},"126":{"start":{"line":292,"column":32},"end":{"line":292,"column":56}},"127":{"start":{"line":293,"column":32},"end":{"line":293,"column":42}},"128":{"start":{"line":296,"column":6},"end":{"line":312,"column":7}},"129":{"start":{"line":297,"column":26},"end":{"line":297,"column":43}},"130":{"start":{"line":298,"column":8},"end":{"line":301,"column":10}},"131":{"start":{"line":302,"column":8},"end":{"line":302,"column":41}},"132":{"start":{"line":303,"column":8},"end":{"line":303,"column":46}},"133":{"start":{"line":306,"column":8},"end":{"line":306,"column":44}},"134":{"start":{"line":307,"column":8},"end":{"line":307,"column":62}},"135":{"start":{"line":309,"column":8},"end":{"line":309,"column":29}},"136":{"start":{"line":310,"column":8},"end":{"line":310,"column":59}},"137":{"start":{"line":310,"column":26},"end":{"line":310,"column":59}},"138":{"start":{"line":311,"column":8},"end":{"line":311,"column":59}},"139":{"start":{"line":311,"column":27},"end":{"line":311,"column":59}},"140":{"start":{"line":314,"column":6},"end":{"line":314,"column":43}},"141":{"start":{"line":317,"column":24},"end":{"line":354,"column":3}},"142":{"start":{"line":320,"column":4},"end":{"line":320,"column":56}},"143":{"start":{"line":320,"column":32},"end":{"line":320,"column":56}},"144":{"start":{"line":322,"column":23},"end":{"line":322,"column":62}},"145":{"start":{"line":323,"column":30},"end":{"line":323,"column":54}},"146":{"start":{"line":324,"column":30},"end":{"line":324,"column":40}},"147":{"start":{"line":326,"column":4},"end":{"line":352,"column":5}},"148":{"start":{"line":327,"column":24},"end":{"line":327,"column":41}},"149":{"start":{"line":328,"column":6},"end":{"line":328,"column":39}},"150":{"start":{"line":329,"column":6},"end":{"line":329,"column":44}},"151":{"start":{"line":330,"column":6},"end":{"line":333,"column":8}},"152":{"start":{"line":335,"column":6},"end":{"line":335,"column":44}},"153":{"start":{"line":336,"column":6},"end":{"line":336,"column":62}},"154":{"start":{"line":338,"column":6},"end":{"line":338,"column":27}},"155":{"start":{"line":339,"column":6},"end":{"line":342,"column":7}},"156":{"start":{"line":340,"column":29},"end":{"line":340,"column":88}},"157":{"start":{"line":340,"column":64},"end":{"line":340,"column":86}},"158":{"start":{"line":341,"column":8},"end":{"line":341,"column":72}},"159":{"start":{"line":341,"column":35},"end":{"line":341,"column":71}},"160":{"start":{"line":343,"column":6},"end":{"line":351,"column":7}},"161":{"start":{"line":344,"column":8},"end":{"line":350,"column":10}},"162":{"start":{"line":345,"column":30},"end":{"line":348,"column":12}},"163":{"start":{"line":346,"column":26},"end":{"line":346,"column":59}},"164":{"start":{"line":347,"column":12},"end":{"line":347,"column":49}},"165":{"start":{"line":349,"column":10},"end":{"line":349,"column":69}},"166":{"start":{"line":349,"column":36},"end":{"line":349,"column":68}},"167":{"start":{"line":353,"column":4},"end":{"line":353,"column":41}},"168":{"start":{"line":356,"column":2},"end":{"line":356,"column":24}},"169":{"start":{"line":357,"column":2},"end":{"line":357,"column":36}},"170":{"start":{"line":358,"column":29},"end":{"line":358,"column":57}},"171":{"start":{"line":360,"column":2},"end":{"line":360,"column":24}},"172":{"start":{"line":361,"column":2},"end":{"line":361,"column":11}},"173":{"start":{"line":362,"column":2},"end":{"line":362,"column":24}},"174":{"start":{"line":364,"column":2},"end":{"line":364,"column":71}},"175":{"start":{"line":364,"column":28},"end":{"line":364,"column":70}},"176":{"start":{"line":365,"column":31},"end":{"line":365,"column":59}},"177":{"start":{"line":367,"column":17},"end":{"line":384,"column":3}},"178":{"start":{"line":380,"column":33},"end":{"line":380,"column":37}},"179":{"start":{"line":387,"column":2},"end":{"line":395,"column":4}},"180":{"start":{"line":388,"column":17},"end":{"line":388,"column":66}},"181":{"start":{"line":389,"column":4},"end":{"line":389,"column":65}},"182":{"start":{"line":389,"column":17},"end":{"line":389,"column":65}},"183":{"start":{"line":390,"column":4},"end":{"line":394,"column":5}},"184":{"start":{"line":391,"column":8},"end":{"line":391,"column":29}},"185":{"start":{"line":391,"column":17},"end":{"line":391,"column":29}},"186":{"start":{"line":392,"column":8},"end":{"line":392,"column":24}}},"fnMap":{"0":{"name":"(anonymous_0)","decl":{"start":{"line":11,"column":28},"end":{"line":11,"column":29}},"loc":{"start":{"line":11,"column":43},"end":{"line":88,"column":1}},"line":11},"1":{"name":"(anonymous_1)","decl":{"start":{"line":19,"column":29},"end":{"line":19,"column":30}},"loc":{"start":{"line":19,"column":34},"end":{"line":36,"column":3}},"line":19},"2":{"name":"(anonymous_2)","decl":{"start":{"line":42,"column":31},"end":{"line":42,"column":32}},"loc":{"start":{"line":42,"column":36},"end":{"line":45,"column":3}},"line":42},"3":{"name":"(anonymous_3)","decl":{"start":{"line":94,"column":19},"end":{"line":94,"column":20}},"loc":{"start":{"line":94,"column":29},"end":{"line":101,"column":1}},"line":94},"4":{"name":"(anonymous_4)","decl":{"start":{"line":99,"column":25},"end":{"line":99,"column":26}},"loc":{"start":{"line":99,"column":30},"end":{"line":99,"column":44}},"line":99},"5":{"name":"(anonymous_5)","decl":{"start":{"line":111,"column":21},"end":{"line":111,"column":22}},"loc":{"start":{"line":117,"column":6},"end":{"line":127,"column":1}},"line":117},"6":{"name":"(anonymous_6)","decl":{"start":{"line":133,"column":19},"end":{"line":133,"column":20}},"loc":{"start":{"line":133,"column":30},"end":{"line":135,"column":1}},"line":133},"7":{"name":"(anonymous_7)","decl":{"start":{"line":142,"column":16},"end":{"line":142,"column":17}},"loc":{"start":{"line":142,"column":33},"end":{"line":252,"column":1}},"line":142},"8":{"name":"(anonymous_8)","decl":{"start":{"line":148,"column":46},"end":{"line":148,"column":47}},"loc":{"start":{"line":148,"column":51},"end":{"line":148,"column":55}},"line":148},"9":{"name":"(anonymous_9)","decl":{"start":{"line":156,"column":44},"end":{"line":156,"column":45}},"loc":{"start":{"line":156,"column":49},"end":{"line":156,"column":53}},"line":156},"10":{"name":"(anonymous_10)","decl":{"start":{"line":191,"column":56},"end":{"line":191,"column":57}},"loc":{"start":{"line":191,"column":62},"end":{"line":194,"column":11}},"line":191},"11":{"name":"(anonymous_11)","decl":{"start":{"line":206,"column":47},"end":{"line":206,"column":48}},"loc":{"start":{"line":206,"column":52},"end":{"line":206,"column":61}},"line":206},"12":{"name":"(anonymous_12)","decl":{"start":{"line":207,"column":33},"end":{"line":207,"column":34}},"loc":{"start":{"line":207,"column":38},"end":{"line":207,"column":47}},"line":207},"13":{"name":"(anonymous_13)","decl":{"start":{"line":219,"column":43},"end":{"line":219,"column":44}},"loc":{"start":{"line":219,"column":48},"end":{"line":219,"column":57}},"line":219},"14":{"name":"(anonymous_14)","decl":{"start":{"line":272,"column":17},"end":{"line":272,"column":18}},"loc":{"start":{"line":272,"column":40},"end":{"line":396,"column":1}},"line":272},"15":{"name":"(anonymous_15)","decl":{"start":{"line":277,"column":19},"end":{"line":277,"column":20}},"loc":{"start":{"line":277,"column":28},"end":{"line":283,"column":3}},"line":277},"16":{"name":"(anonymous_16)","decl":{"start":{"line":279,"column":54},"end":{"line":279,"column":55}},"loc":{"start":{"line":279,"column":64},"end":{"line":279,"column":91}},"line":279},"17":{"name":"(anonymous_17)","decl":{"start":{"line":285,"column":37},"end":{"line":285,"column":38}},"loc":{"start":{"line":285,"column":42},"end":{"line":285,"column":57}},"line":285},"18":{"name":"(anonymous_18)","decl":{"start":{"line":289,"column":22},"end":{"line":289,"column":23}},"loc":{"start":{"line":289,"column":46},"end":{"line":316,"column":3}},"line":289},"19":{"name":"(anonymous_19)","decl":{"start":{"line":290,"column":20},"end":{"line":290,"column":21}},"loc":{"start":{"line":290,"column":29},"end":{"line":315,"column":5}},"line":290},"20":{"name":"(anonymous_20)","decl":{"start":{"line":317,"column":24},"end":{"line":317,"column":25}},"loc":{"start":{"line":317,"column":54},"end":{"line":354,"column":3}},"line":317},"21":{"name":"(anonymous_21)","decl":{"start":{"line":340,"column":59},"end":{"line":340,"column":60}},"loc":{"start":{"line":340,"column":64},"end":{"line":340,"column":86}},"line":340},"22":{"name":"(anonymous_22)","decl":{"start":{"line":341,"column":30},"end":{"line":341,"column":31}},"loc":{"start":{"line":341,"column":35},"end":{"line":341,"column":71}},"line":341},"23":{"name":"(anonymous_23)","decl":{"start":{"line":344,"column":24},"end":{"line":344,"column":25}},"loc":{"start":{"line":344,"column":29},"end":{"line":350,"column":9}},"line":344},"24":{"name":"(anonymous_24)","decl":{"start":{"line":345,"column":45},"end":{"line":345,"column":46}},"loc":{"start":{"line":345,"column":50},"end":{"line":348,"column":11}},"line":345},"25":{"name":"(anonymous_25)","decl":{"start":{"line":349,"column":31},"end":{"line":349,"column":32}},"loc":{"start":{"line":349,"column":36},"end":{"line":349,"column":68}},"line":349},"26":{"name":"(anonymous_26)","decl":{"start":{"line":364,"column":23},"end":{"line":364,"column":24}},"loc":{"start":{"line":364,"column":28},"end":{"line":364,"column":70}},"line":364},"27":{"name":"(anonymous_27)","decl":{"start":{"line":380,"column":28},"end":{"line":380,"column":29}},"loc":{"start":{"line":380,"column":33},"end":{"line":380,"column":37}},"line":380},"28":{"name":"(anonymous_28)","decl":{"start":{"line":387,"column":22},"end":{"line":387,"column":23}},"loc":{"start":{"line":387,"column":43},"end":{"line":395,"column":3}},"line":387},"29":{"name":"(anonymous_29)","decl":{"start":{"line":390,"column":84},"end":{"line":390,"column":85}},"loc":{"start":{"line":390,"column":93},"end":{"line":393,"column":7}},"line":390}},"branchMap":{"0":{"loc":{"start":{"line":22,"column":4},"end":{"line":24,"column":5}},"type":"if","locations":[{"start":{"line":22,"column":4},"end":{"line":24,"column":5}},{"start":{},"end":{}}],"line":22},"1":{"loc":{"start":{"line":27,"column":4},"end":{"line":29,"column":5}},"type":"if","locations":[{"start":{"line":27,"column":4},"end":{"line":29,"column":5}},{"start":{},"end":{}}],"line":27},"2":{"loc":{"start":{"line":31,"column":4},"end":{"line":33,"column":5}},"type":"if","locations":[{"start":{"line":31,"column":4},"end":{"line":33,"column":5}},{"start":{},"end":{}}],"line":31},"3":{"loc":{"start":{"line":66,"column":6},"end":{"line":70,"column":7}},"type":"if","locations":[{"start":{"line":66,"column":6},"end":{"line":70,"column":7}},{"start":{},"end":{}}],"line":66},"4":{"loc":{"start":{"line":72,"column":6},"end":{"line":74,"column":7}},"type":"if","locations":[{"start":{"line":72,"column":6},"end":{"line":74,"column":7}},{"start":{},"end":{}}],"line":72},"5":{"loc":{"start":{"line":76,"column":6},"end":{"line":78,"column":7}},"type":"if","locations":[{"start":{"line":76,"column":6},"end":{"line":78,"column":7}},{"start":{},"end":{}}],"line":76},"6":{"loc":{"start":{"line":96,"column":2},"end":{"line":98,"column":34}},"type":"if","locations":[{"start":{"line":96,"column":2},"end":{"line":98,"column":34}},{"start":{"line":98,"column":7},"end":{"line":98,"column":34}}],"line":96},"7":{"loc":{"start":{"line":144,"column":2},"end":{"line":245,"column":3}},"type":"switch","locations":[{"start":{"line":145,"column":4},"end":{"line":145,"column":34}},{"start":{"line":146,"column":4},"end":{"line":153,"column":11}},{"start":{"line":154,"column":4},"end":{"line":165,"column":11}},{"start":{"line":166,"column":4},"end":{"line":181,"column":11}},{"start":{"line":182,"column":4},"end":{"line":197,"column":11}},{"start":{"line":198,"column":4},"end":{"line":210,"column":11}},{"start":{"line":211,"column":4},"end":{"line":222,"column":11}},{"start":{"line":223,"column":4},"end":{"line":234,"column":11}},{"start":{"line":235,"column":4},"end":{"line":235,"column":21}},{"start":{"line":236,"column":4},"end":{"line":236,"column":26}},{"start":{"line":237,"column":4},"end":{"line":237,"column":27}},{"start":{"line":238,"column":4},"end":{"line":238,"column":21}},{"start":{"line":239,"column":4},"end":{"line":244,"column":11}}],"line":144},"8":{"loc":{"start":{"line":150,"column":15},"end":{"line":150,"column":55}},"type":"binary-expr","locations":[{"start":{"line":150,"column":15},"end":{"line":150,"column":33}},{"start":{"line":150,"column":37},"end":{"line":150,"column":55}}],"line":150},"9":{"loc":{"start":{"line":171,"column":6},"end":{"line":176,"column":7}},"type":"if","locations":[{"start":{"line":171,"column":6},"end":{"line":176,"column":7}},{"start":{"line":173,"column":13},"end":{"line":176,"column":7}}],"line":171},"10":{"loc":{"start":{"line":171,"column":10},"end":{"line":171,"column":73}},"type":"binary-expr","locations":[{"start":{"line":171,"column":10},"end":{"line":171,"column":40}},{"start":{"line":171,"column":44},"end":{"line":171,"column":73}}],"line":171},"11":{"loc":{"start":{"line":175,"column":8},"end":{"line":175,"column":67}},"type":"if","locations":[{"start":{"line":175,"column":8},"end":{"line":175,"column":67}},{"start":{},"end":{}}],"line":175},"12":{"loc":{"start":{"line":250,"column":2},"end":{"line":250,"column":52}},"type":"if","locations":[{"start":{"line":250,"column":2},"end":{"line":250,"column":52}},{"start":{},"end":{}}],"line":250},"13":{"loc":{"start":{"line":278,"column":4},"end":{"line":282,"column":5}},"type":"if","locations":[{"start":{"line":278,"column":4},"end":{"line":282,"column":5}},{"start":{"line":280,"column":11},"end":{"line":282,"column":5}}],"line":278},"14":{"loc":{"start":{"line":296,"column":6},"end":{"line":312,"column":7}},"type":"if","locations":[{"start":{"line":296,"column":6},"end":{"line":312,"column":7}},{"start":{"line":304,"column":13},"end":{"line":312,"column":7}}],"line":296},"15":{"loc":{"start":{"line":310,"column":8},"end":{"line":310,"column":59}},"type":"if","locations":[{"start":{"line":310,"column":8},"end":{"line":310,"column":59}},{"start":{},"end":{}}],"line":310},"16":{"loc":{"start":{"line":311,"column":8},"end":{"line":311,"column":59}},"type":"if","locations":[{"start":{"line":311,"column":8},"end":{"line":311,"column":59}},{"start":{},"end":{}}],"line":311},"17":{"loc":{"start":{"line":320,"column":4},"end":{"line":320,"column":56}},"type":"if","locations":[{"start":{"line":320,"column":4},"end":{"line":320,"column":56}},{"start":{},"end":{}}],"line":320},"18":{"loc":{"start":{"line":326,"column":4},"end":{"line":352,"column":5}},"type":"if","locations":[{"start":{"line":326,"column":4},"end":{"line":352,"column":5}},{"start":{"line":334,"column":11},"end":{"line":352,"column":5}}],"line":326},"19":{"loc":{"start":{"line":339,"column":6},"end":{"line":342,"column":7}},"type":"if","locations":[{"start":{"line":339,"column":6},"end":{"line":342,"column":7}},{"start":{},"end":{}}],"line":339},"20":{"loc":{"start":{"line":343,"column":6},"end":{"line":351,"column":7}},"type":"if","locations":[{"start":{"line":343,"column":6},"end":{"line":351,"column":7}},{"start":{},"end":{}}],"line":343},"21":{"loc":{"start":{"line":347,"column":19},"end":{"line":347,"column":49}},"type":"binary-expr","locations":[{"start":{"line":347,"column":19},"end":{"line":347,"column":24}},{"start":{"line":347,"column":28},"end":{"line":347,"column":49}}],"line":347},"22":{"loc":{"start":{"line":389,"column":4},"end":{"line":389,"column":65}},"type":"if","locations":[{"start":{"line":389,"column":4},"end":{"line":389,"column":65}},{"start":{},"end":{}}],"line":389},"23":{"loc":{"start":{"line":391,"column":8},"end":{"line":391,"column":29}},"type":"if","locations":[{"start":{"line":391,"column":8},"end":{"line":391,"column":29}},{"start":{},"end":{}}],"line":391}},"s":{"0":2,"1":2,"2":2,"3":2,"4":2,"5":62,"6":62,"7":44,"8":18,"9":18,"10":0,"11":18,"12":0,"13":18,"14":2,"15":4,"16":4,"17":2,"18":9,"19":9,"20":9,"21":13,"22":13,"23":13,"24":13,"25":13,"26":0,"27":0,"28":13,"29":13,"30":62,"31":13,"32":13,"33":4,"34":13,"35":13,"36":2,"37":2,"38":32,"39":32,"40":20,"41":12,"42":32,"43":28,"44":32,"45":2,"46":2,"47":2,"48":22,"49":2,"50":28,"51":28,"52":6,"53":6,"54":4,"55":6,"56":6,"57":0,"58":0,"59":0,"60":0,"61":0,"62":20,"63":20,"64":20,"65":20,"66":20,"67":20,"68":2,"69":18,"70":18,"71":0,"72":20,"73":20,"74":2,"75":2,"76":2,"77":2,"78":6,"79":2,"80":0,"81":0,"82":0,"83":0,"84":0,"85":0,"86":0,"87":0,"88":0,"89":0,"90":0,"91":0,"92":0,"93":0,"94":0,"95":0,"96":0,"97":0,"98":28,"99":28,"100":28,"101":28,"102":28,"103":24,"104":28,"105":2,"106":2,"107":2,"108":2,"109":2,"110":2,"111":2,"112":2,"113":2,"114":2,"115":2,"116":1,"117":4,"118":1,"119":2,"120":4,"121":2,"122":2,"123":2,"124":17,"125":17,"126":17,"127":17,"128":17,"129":4,"130":4,"131":4,"132":4,"133":13,"134":13,"135":13,"136":13,"137":11,"138":13,"139":4,"140":17,"141":2,"142":11,"143":11,"144":11,"145":11,"146":11,"147":11,"148":0,"149":0,"150":0,"151":0,"152":11,"153":11,"154":11,"155":11,"156":9,"157":9,"158":9,"159":7,"160":11,"161":4,"162":4,"163":8,"164":8,"165":4,"166":2,"167":11,"168":2,"169":2,"170":2,"171":2,"172":2,"173":2,"174":2,"175":2,"176":2,"177":2,"178":4,"179":2,"180":2,"181":2,"182":0,"183":2,"184":2,"185":0,"186":2},"f":{"0":2,"1":62,"2":4,"3":32,"4":28,"5":2,"6":22,"7":28,"8":4,"9":0,"10":6,"11":0,"12":0,"13":0,"14":2,"15":2,"16":4,"17":4,"18":17,"19":17,"20":11,"21":9,"22":7,"23":4,"24":8,"25":2,"26":2,"27":4,"28":2,"29":2},"b":{"0":[44,18],"1":[0,18],"2":[0,18],"3":[13,0],"4":[13,0],"5":[13,0],"6":[20,12],"7":[0,6,0,20,2,0,0,0,0,0,0,0,0],"8":[6,0],"9":[2,18],"10":[20,20],"11":[0,18],"12":[24,4],"13":[1,1],"14":[4,13],"15":[11,2],"16":[4,9],"17":[11,0],"18":[0,11],"19":[9,2],"20":[4,7],"21":[8,8],"22":[0,2],"23":[0,2]},"inputSourceMap":null,"_coverageSchema":"1a1c01bbd47fc00a2c39e90264f33305004495a9","hash":"6a416e355cb791b886499169c720915705972db8"}
,"F:\\project\\webpackModuleGraphPlugin\\lib\\webpack4Plugin.js": {"path":"F:\\project\\webpackModuleGraphPlugin\\lib\\webpack4Plugin.js","statementMap":{"0":{"start":{"line":1,"column":20},"end":{"line":1,"column":46}},"1":{"start":{"line":3,"column":16},"end":{"line":3,"column":48}},"2":{"start":{"line":5,"column":0},"end":{"line":24,"column":1}},"3":{"start":{"line":6,"column":2},"end":{"line":23,"column":3}},"4":{"start":{"line":8,"column":6},"end":{"line":9,"column":35}},"5":{"start":{"line":8,"column":38},"end":{"line":8,"column":54}},"6":{"start":{"line":9,"column":11},"end":{"line":9,"column":35}},"7":{"start":{"line":13,"column":6},"end":{"line":21,"column":8}},"8":{"start":{"line":15,"column":8},"end":{"line":20,"column":9}},"9":{"start":{"line":16,"column":10},"end":{"line":19,"column":12}},"10":{"start":{"line":17,"column":12},"end":{"line":17,"column":39}},"11":{"start":{"line":18,"column":12},"end":{"line":18,"column":41}},"12":{"start":{"line":18,"column":27},"end":{"line":18,"column":41}}},"fnMap":{"0":{"name":"(anonymous_0)","decl":{"start":{"line":5,"column":17},"end":{"line":5,"column":18}},"loc":{"start":{"line":5,"column":34},"end":{"line":24,"column":1}},"line":5},"1":{"name":"(anonymous_1)","decl":{"start":{"line":7,"column":4},"end":{"line":7,"column":5}},"loc":{"start":{"line":7,"column":31},"end":{"line":10,"column":5}},"line":7},"2":{"name":"(anonymous_2)","decl":{"start":{"line":12,"column":4},"end":{"line":12,"column":5}},"loc":{"start":{"line":12,"column":21},"end":{"line":22,"column":5}},"line":12},"3":{"name":"(anonymous_3)","decl":{"start":{"line":13,"column":51},"end":{"line":13,"column":52}},"loc":{"start":{"line":13,"column":78},"end":{"line":21,"column":7}},"line":13},"4":{"name":"(anonymous_4)","decl":{"start":{"line":16,"column":56},"end":{"line":16,"column":57}},"loc":{"start":{"line":16,"column":68},"end":{"line":19,"column":11}},"line":16}},"branchMap":{"0":{"loc":{"start":{"line":7,"column":17},"end":{"line":7,"column":29}},"type":"default-arg","locations":[{"start":{"line":7,"column":27},"end":{"line":7,"column":29}}],"line":7},"1":{"loc":{"start":{"line":8,"column":6},"end":{"line":9,"column":35}},"type":"if","locations":[{"start":{"line":8,"column":6},"end":{"line":9,"column":35}},{"start":{"line":9,"column":11},"end":{"line":9,"column":35}}],"line":8},"2":{"loc":{"start":{"line":15,"column":8},"end":{"line":20,"column":9}},"type":"if","locations":[{"start":{"line":15,"column":8},"end":{"line":20,"column":9}},{"start":{},"end":{}}],"line":15},"3":{"loc":{"start":{"line":18,"column":12},"end":{"line":18,"column":41}},"type":"if","locations":[{"start":{"line":18,"column":12},"end":{"line":18,"column":41}},{"start":{},"end":{}}],"line":18}},"s":{"0":2,"1":2,"2":2,"3":2,"4":2,"5":2,"6":0,"7":0,"8":0,"9":0,"10":0,"11":0,"12":0},"f":{"0":2,"1":2,"2":0,"3":0,"4":0},"b":{"0":[2],"1":[2,0],"2":[0,0],"3":[0,0]},"inputSourceMap":null,"_coverageSchema":"1a1c01bbd47fc00a2c39e90264f33305004495a9","hash":"f755cf2d9f00ad54c94657fc11391175411e6182"}
}
