{"F:\\project\\webpackModuleGraphPlugin\\lib\\index.js": {"path":"F:\\project\\webpackModuleGraphPlugin\\lib\\index.js","statementMap":{"0":{"start":{"line":1,"column":13},"end":{"line":1,"column":29}},"1":{"start":{"line":2,"column":16},"end":{"line":2,"column":35}},"2":{"start":{"line":3,"column":13},"end":{"line":3,"column":29}},"3":{"start":{"line":4,"column":16},"end":{"line":4,"column":35}},"4":{"start":{"line":5,"column":12},"end":{"line":5,"column":27}},"5":{"start":{"line":6,"column":13},"end":{"line":6,"column":17}},"6":{"start":{"line":8,"column":19},"end":{"line":8,"column":23}},"7":{"start":{"line":9,"column":0},"end":{"line":15,"column":1}},"8":{"start":{"line":11,"column":2},"end":{"line":11,"column":48}},"9":{"start":{"line":14,"column":2},"end":{"line":14,"column":48}},"10":{"start":{"line":19,"column":15},"end":{"line":19,"column":48}},"11":{"start":{"line":21,"column":2},"end":{"line":24,"column":4}},"12":{"start":{"line":22,"column":4},"end":{"line":22,"column":19}},"13":{"start":{"line":23,"column":4},"end":{"line":23,"column":15}},"14":{"start":{"line":26,"column":2},"end":{"line":30,"column":4}},"15":{"start":{"line":27,"column":4},"end":{"line":29,"column":5}},"16":{"start":{"line":28,"column":6},"end":{"line":28,"column":83}},"17":{"start":{"line":33,"column":20},"end":{"line":40,"column":2}},"18":{"start":{"line":33,"column":26},"end":{"line":40,"column":2}},"19":{"start":{"line":34,"column":14},"end":{"line":34,"column":24}},"20":{"start":{"line":35,"column":2},"end":{"line":35,"column":62}},"21":{"start":{"line":36,"column":2},"end":{"line":39,"column":4}},"22":{"start":{"line":37,"column":4},"end":{"line":37,"column":61}},"23":{"start":{"line":38,"column":4},"end":{"line":38,"column":43}},"24":{"start":{"line":43,"column":13},"end":{"line":43,"column":58}},"25":{"start":{"line":44,"column":0},"end":{"line":44,"column":29}},"26":{"start":{"line":44,"column":15},"end":{"line":44,"column":29}},"27":{"start":{"line":47,"column":0},"end":{"line":47,"column":43}}},"fnMap":{"0":{"name":"portIsOccupied","decl":{"start":{"line":18,"column":9},"end":{"line":18,"column":23}},"loc":{"start":{"line":18,"column":41},"end":{"line":31,"column":1}},"line":18},"1":{"name":"(anonymous_1)","decl":{"start":{"line":21,"column":26},"end":{"line":21,"column":27}},"loc":{"start":{"line":21,"column":38},"end":{"line":24,"column":3}},"line":21},"2":{"name":"(anonymous_2)","decl":{"start":{"line":26,"column":22},"end":{"line":26,"column":23}},"loc":{"start":{"line":26,"column":37},"end":{"line":30,"column":3}},"line":26},"3":{"name":"(anonymous_3)","decl":{"start":{"line":33,"column":20},"end":{"line":33,"column":21}},"loc":{"start":{"line":33,"column":26},"end":{"line":40,"column":2}},"line":33},"4":{"name":"(anonymous_4)","decl":{"start":{"line":33,"column":48},"end":{"line":33,"column":49}},"loc":{"start":{"line":33,"column":54},"end":{"line":40,"column":1}},"line":33},"5":{"name":"(anonymous_5)","decl":{"start":{"line":36,"column":20},"end":{"line":36,"column":21}},"loc":{"start":{"line":36,"column":38},"end":{"line":39,"column":3}},"line":36}},"branchMap":{"0":{"loc":{"start":{"line":9,"column":0},"end":{"line":15,"column":1}},"type":"if","locations":[{"start":{"line":9,"column":0},"end":{"line":15,"column":1}},{"start":{"line":12,"column":7},"end":{"line":15,"column":1}}],"line":9},"1":{"loc":{"start":{"line":9,"column":4},"end":{"line":9,"column":45}},"type":"binary-expr","locations":[{"start":{"line":9,"column":4},"end":{"line":9,"column":19}},{"start":{"line":9,"column":23},"end":{"line":9,"column":45}}],"line":9},"2":{"loc":{"start":{"line":27,"column":4},"end":{"line":29,"column":5}},"type":"if","locations":[{"start":{"line":27,"column":4},"end":{"line":29,"column":5}},{"start":{},"end":{}}],"line":27},"3":{"loc":{"start":{"line":44,"column":0},"end":{"line":44,"column":29}},"type":"if","locations":[{"start":{"line":44,"column":0},"end":{"line":44,"column":29}},{"start":{},"end":{}}],"line":44}},"s":{"0":1,"1":1,"2":1,"3":1,"4":1,"5":1,"6":1,"7":1,"8":0,"9":1,"10":0,"11":0,"12":0,"13":0,"14":0,"15":0,"16":0,"17":1,"18":0,"19":0,"20":0,"21":0,"22":0,"23":0,"24":1,"25":1,"26":0,"27":1},"f":{"0":0,"1":0,"2":0,"3":0,"4":0,"5":0},"b":{"0":[0,1],"1":[1,1],"2":[0,0],"3":[0,1]},"inputSourceMap":null,"_coverageSchema":"1a1c01bbd47fc00a2c39e90264f33305004495a9","hash":"5dbbbc028856f64379a1d008ac173a834b62a547"}
,"F:\\project\\webpackModuleGraphPlugin\\lib\\webpack4Handler.js": {"path":"F:\\project\\webpackModuleGraphPlugin\\lib\\webpack4Handler.js","statementMap":{"0":{"start":{"line":1,"column":11},"end":{"line":1,"column":25}},"1":{"start":{"line":2,"column":13},"end":{"line":2,"column":29}},"2":{"start":{"line":11,"column":28},"end":{"line":88,"column":1}},"3":{"start":{"line":13,"column":23},"end":{"line":13,"column":33}},"4":{"start":{"line":19,"column":29},"end":{"line":36,"column":3}},"5":{"start":{"line":21,"column":16},"end":{"line":21,"column":69}},"6":{"start":{"line":22,"column":4},"end":{"line":24,"column":5}},"7":{"start":{"line":23,"column":6},"end":{"line":23,"column":12}},"8":{"start":{"line":26,"column":22},"end":{"line":26,"column":32}},"9":{"start":{"line":27,"column":4},"end":{"line":29,"column":5}},"10":{"start":{"line":28,"column":6},"end":{"line":28,"column":12}},"11":{"start":{"line":31,"column":4},"end":{"line":33,"column":5}},"12":{"start":{"line":32,"column":6},"end":{"line":32,"column":12}},"13":{"start":{"line":35,"column":4},"end":{"line":35,"column":36}},"14":{"start":{"line":42,"column":31},"end":{"line":45,"column":3}},"15":{"start":{"line":43,"column":4},"end":{"line":43,"column":28}},"16":{"start":{"line":44,"column":4},"end":{"line":44,"column":23}},"17":{"start":{"line":58,"column":2},"end":{"line":86,"column":3}},"18":{"start":{"line":59,"column":4},"end":{"line":59,"column":25}},"19":{"start":{"line":60,"column":4},"end":{"line":60,"column":26}},"20":{"start":{"line":61,"column":4},"end":{"line":85,"column":5}},"21":{"start":{"line":62,"column":6},"end":{"line":62,"column":31}},"22":{"start":{"line":63,"column":6},"end":{"line":63,"column":35}},"23":{"start":{"line":64,"column":6},"end":{"line":64,"column":26}},"24":{"start":{"line":66,"column":6},"end":{"line":70,"column":7}},"25":{"start":{"line":67,"column":8},"end":{"line":69,"column":9}},"26":{"start":{"line":68,"column":10},"end":{"line":68,"column":75}},"27":{"start":{"line":68,"column":51},"end":{"line":68,"column":75}},"28":{"start":{"line":72,"column":6},"end":{"line":74,"column":7}},"29":{"start":{"line":73,"column":8},"end":{"line":73,"column":70}},"30":{"start":{"line":73,"column":46},"end":{"line":73,"column":70}},"31":{"start":{"line":76,"column":6},"end":{"line":78,"column":7}},"32":{"start":{"line":77,"column":8},"end":{"line":77,"column":62}},"33":{"start":{"line":77,"column":38},"end":{"line":77,"column":62}},"34":{"start":{"line":80,"column":24},"end":{"line":83,"column":7}},"35":{"start":{"line":84,"column":6},"end":{"line":84,"column":41}},"36":{"start":{"line":87,"column":2},"end":{"line":87,"column":21}},"37":{"start":{"line":94,"column":19},"end":{"line":101,"column":1}},"38":{"start":{"line":95,"column":15},"end":{"line":95,"column":35}},"39":{"start":{"line":96,"column":2},"end":{"line":98,"column":34}},"40":{"start":{"line":96,"column":30},"end":{"line":96,"column":52}},"41":{"start":{"line":98,"column":7},"end":{"line":98,"column":34}},"42":{"start":{"line":99,"column":2},"end":{"line":99,"column":45}},"43":{"start":{"line":99,"column":30},"end":{"line":99,"column":44}},"44":{"start":{"line":100,"column":2},"end":{"line":100,"column":13}},"45":{"start":{"line":111,"column":21},"end":{"line":127,"column":1}},"46":{"start":{"line":118,"column":2},"end":{"line":126,"column":3}},"47":{"start":{"line":133,"column":19},"end":{"line":135,"column":1}},"48":{"start":{"line":134,"column":2},"end":{"line":134,"column":37}},"49":{"start":{"line":142,"column":16},"end":{"line":267,"column":1}},"50":{"start":{"line":143,"column":45},"end":{"line":143,"column":47}},"51":{"start":{"line":144,"column":2},"end":{"line":260,"column":3}},"52":{"start":{"line":149,"column":6},"end":{"line":149,"column":29}},"53":{"start":{"line":150,"column":6},"end":{"line":157,"column":7}},"54":{"start":{"line":151,"column":8},"end":{"line":156,"column":9}},"55":{"start":{"line":152,"column":10},"end":{"line":155,"column":11}},"56":{"start":{"line":153,"column":12},"end":{"line":153,"column":33}},"57":{"start":{"line":154,"column":12},"end":{"line":154,"column":17}},"58":{"start":{"line":158,"column":6},"end":{"line":158,"column":52}},"59":{"start":{"line":159,"column":6},"end":{"line":163,"column":7}},"60":{"start":{"line":160,"column":8},"end":{"line":160,"column":84}},"61":{"start":{"line":160,"column":48},"end":{"line":160,"column":84}},"62":{"start":{"line":161,"column":13},"end":{"line":163,"column":7}},"63":{"start":{"line":162,"column":8},"end":{"line":162,"column":87}},"64":{"start":{"line":162,"column":51},"end":{"line":162,"column":87}},"65":{"start":{"line":165,"column":6},"end":{"line":168,"column":7}},"66":{"start":{"line":169,"column":6},"end":{"line":169,"column":11}},"67":{"start":{"line":171,"column":6},"end":{"line":171,"column":43}},"68":{"start":{"line":172,"column":6},"end":{"line":172,"column":75}},"69":{"start":{"line":172,"column":39},"end":{"line":172,"column":75}},"70":{"start":{"line":173,"column":6},"end":{"line":173,"column":39}},"71":{"start":{"line":174,"column":18},"end":{"line":174,"column":36}},"72":{"start":{"line":175,"column":6},"end":{"line":180,"column":7}},"73":{"start":{"line":176,"column":8},"end":{"line":176,"column":34}},"74":{"start":{"line":178,"column":25},"end":{"line":178,"column":48}},"75":{"start":{"line":179,"column":8},"end":{"line":179,"column":67}},"76":{"start":{"line":179,"column":31},"end":{"line":179,"column":67}},"77":{"start":{"line":181,"column":6},"end":{"line":184,"column":7}},"78":{"start":{"line":185,"column":6},"end":{"line":185,"column":11}},"79":{"start":{"line":187,"column":6},"end":{"line":187,"column":54}},"80":{"start":{"line":188,"column":6},"end":{"line":188,"column":75}},"81":{"start":{"line":188,"column":39},"end":{"line":188,"column":75}},"82":{"start":{"line":189,"column":6},"end":{"line":200,"column":7}},"83":{"start":{"line":195,"column":62},"end":{"line":198,"column":11}},"84":{"start":{"line":201,"column":6},"end":{"line":201,"column":11}},"85":{"start":{"line":203,"column":6},"end":{"line":203,"column":75}},"86":{"start":{"line":203,"column":39},"end":{"line":203,"column":75}},"87":{"start":{"line":204,"column":6},"end":{"line":213,"column":7}},"88":{"start":{"line":210,"column":52},"end":{"line":210,"column":61}},"89":{"start":{"line":211,"column":38},"end":{"line":211,"column":47}},"90":{"start":{"line":214,"column":6},"end":{"line":214,"column":11}},"91":{"start":{"line":216,"column":6},"end":{"line":216,"column":75}},"92":{"start":{"line":216,"column":39},"end":{"line":216,"column":75}},"93":{"start":{"line":217,"column":6},"end":{"line":225,"column":7}},"94":{"start":{"line":223,"column":48},"end":{"line":223,"column":57}},"95":{"start":{"line":226,"column":6},"end":{"line":226,"column":11}},"96":{"start":{"line":228,"column":6},"end":{"line":228,"column":49}},"97":{"start":{"line":229,"column":6},"end":{"line":229,"column":75}},"98":{"start":{"line":229,"column":39},"end":{"line":229,"column":75}},"99":{"start":{"line":230,"column":6},"end":{"line":237,"column":7}},"100":{"start":{"line":238,"column":6},"end":{"line":238,"column":11}},"101":{"start":{"line":240,"column":6},"end":{"line":240,"column":75}},"102":{"start":{"line":240,"column":39},"end":{"line":240,"column":75}},"103":{"start":{"line":241,"column":6},"end":{"line":248,"column":7}},"104":{"start":{"line":249,"column":6},"end":{"line":249,"column":11}},"105":{"start":{"line":254,"column":6},"end":{"line":254,"column":75}},"106":{"start":{"line":254,"column":39},"end":{"line":254,"column":75}},"107":{"start":{"line":255,"column":6},"end":{"line":258,"column":7}},"108":{"start":{"line":259,"column":6},"end":{"line":259,"column":11}},"109":{"start":{"line":261,"column":2},"end":{"line":261,"column":22}},"110":{"start":{"line":262,"column":2},"end":{"line":262,"column":25}},"111":{"start":{"line":263,"column":2},"end":{"line":263,"column":26}},"112":{"start":{"line":264,"column":2},"end":{"line":264,"column":27}},"113":{"start":{"line":265,"column":2},"end":{"line":265,"column":52}},"114":{"start":{"line":265,"column":26},"end":{"line":265,"column":52}},"115":{"start":{"line":266,"column":2},"end":{"line":266,"column":15}},"116":{"start":{"line":273,"column":17},"end":{"line":277,"column":1}},"117":{"start":{"line":280,"column":20},"end":{"line":280,"column":50}},"118":{"start":{"line":281,"column":20},"end":{"line":281,"column":22}},"119":{"start":{"line":283,"column":22},"end":{"line":283,"column":52}},"120":{"start":{"line":284,"column":22},"end":{"line":284,"column":24}},"121":{"start":{"line":287,"column":16},"end":{"line":287,"column":26}},"122":{"start":{"line":288,"column":12},"end":{"line":288,"column":13}},"123":{"start":{"line":292,"column":0},"end":{"line":327,"column":1}},"124":{"start":{"line":293,"column":29},"end":{"line":293,"column":40}},"125":{"start":{"line":295,"column":23},"end":{"line":295,"column":56}},"126":{"start":{"line":296,"column":26},"end":{"line":323,"column":3}},"127":{"start":{"line":297,"column":4},"end":{"line":322,"column":6}},"128":{"start":{"line":298,"column":25},"end":{"line":298,"column":80}},"129":{"start":{"line":299,"column":32},"end":{"line":299,"column":64}},"130":{"start":{"line":300,"column":32},"end":{"line":300,"column":42}},"131":{"start":{"line":303,"column":6},"end":{"line":319,"column":7}},"132":{"start":{"line":304,"column":26},"end":{"line":304,"column":51}},"133":{"start":{"line":305,"column":8},"end":{"line":308,"column":10}},"134":{"start":{"line":309,"column":8},"end":{"line":309,"column":41}},"135":{"start":{"line":310,"column":8},"end":{"line":310,"column":46}},"136":{"start":{"line":313,"column":8},"end":{"line":313,"column":44}},"137":{"start":{"line":314,"column":8},"end":{"line":314,"column":62}},"138":{"start":{"line":316,"column":8},"end":{"line":316,"column":37}},"139":{"start":{"line":317,"column":8},"end":{"line":317,"column":63}},"140":{"start":{"line":317,"column":26},"end":{"line":317,"column":63}},"141":{"start":{"line":318,"column":8},"end":{"line":318,"column":63}},"142":{"start":{"line":318,"column":27},"end":{"line":318,"column":63}},"143":{"start":{"line":321,"column":6},"end":{"line":321,"column":43}},"144":{"start":{"line":324,"column":2},"end":{"line":324,"column":24}},"145":{"start":{"line":325,"column":2},"end":{"line":325,"column":37}},"146":{"start":{"line":326,"column":2},"end":{"line":326,"column":51}},"147":{"start":{"line":329,"column":0},"end":{"line":402,"column":1}},"148":{"start":{"line":330,"column":19},"end":{"line":330,"column":30}},"149":{"start":{"line":332,"column":23},"end":{"line":332,"column":56}},"150":{"start":{"line":333,"column":24},"end":{"line":379,"column":3}},"151":{"start":{"line":336,"column":4},"end":{"line":336,"column":58}},"152":{"start":{"line":336,"column":33},"end":{"line":336,"column":58}},"153":{"start":{"line":338,"column":23},"end":{"line":338,"column":64}},"154":{"start":{"line":339,"column":30},"end":{"line":339,"column":55}},"155":{"start":{"line":340,"column":30},"end":{"line":340,"column":40}},"156":{"start":{"line":342,"column":4},"end":{"line":377,"column":5}},"157":{"start":{"line":343,"column":24},"end":{"line":343,"column":42}},"158":{"start":{"line":344,"column":6},"end":{"line":344,"column":39}},"159":{"start":{"line":345,"column":6},"end":{"line":345,"column":44}},"160":{"start":{"line":346,"column":6},"end":{"line":349,"column":8}},"161":{"start":{"line":351,"column":6},"end":{"line":351,"column":44}},"162":{"start":{"line":352,"column":6},"end":{"line":352,"column":62}},"163":{"start":{"line":354,"column":6},"end":{"line":354,"column":28}},"164":{"start":{"line":355,"column":6},"end":{"line":361,"column":7}},"165":{"start":{"line":359,"column":29},"end":{"line":359,"column":88}},"166":{"start":{"line":359,"column":64},"end":{"line":359,"column":86}},"167":{"start":{"line":360,"column":8},"end":{"line":360,"column":72}},"168":{"start":{"line":360,"column":35},"end":{"line":360,"column":71}},"169":{"start":{"line":362,"column":6},"end":{"line":376,"column":7}},"170":{"start":{"line":365,"column":8},"end":{"line":375,"column":10}},"171":{"start":{"line":366,"column":27},"end":{"line":366,"column":39}},"172":{"start":{"line":367,"column":10},"end":{"line":374,"column":11}},"173":{"start":{"line":367,"column":26},"end":{"line":374,"column":11}},"174":{"start":{"line":368,"column":12},"end":{"line":373,"column":13}},"175":{"start":{"line":369,"column":14},"end":{"line":372,"column":15}},"176":{"start":{"line":370,"column":16},"end":{"line":370,"column":52}},"177":{"start":{"line":378,"column":4},"end":{"line":378,"column":41}},"178":{"start":{"line":381,"column":2},"end":{"line":381,"column":24}},"179":{"start":{"line":382,"column":2},"end":{"line":382,"column":11}},"180":{"start":{"line":383,"column":2},"end":{"line":383,"column":24}},"181":{"start":{"line":385,"column":2},"end":{"line":400,"column":4}},"182":{"start":{"line":386,"column":13},"end":{"line":386,"column":26}},"183":{"start":{"line":387,"column":16},"end":{"line":387,"column":43}},"184":{"start":{"line":388,"column":15},"end":{"line":388,"column":30}},"185":{"start":{"line":389,"column":22},"end":{"line":389,"column":53}},"186":{"start":{"line":390,"column":4},"end":{"line":390,"column":42}},"187":{"start":{"line":391,"column":4},"end":{"line":391,"column":51}},"188":{"start":{"line":392,"column":4},"end":{"line":392,"column":38}},"189":{"start":{"line":393,"column":4},"end":{"line":399,"column":5}},"190":{"start":{"line":394,"column":6},"end":{"line":394,"column":49}},"191":{"start":{"line":396,"column":6},"end":{"line":398,"column":8}},"192":{"start":{"line":397,"column":8},"end":{"line":397,"column":39}},"193":{"start":{"line":401,"column":2},"end":{"line":401,"column":53}},"194":{"start":{"line":404,"column":0},"end":{"line":435,"column":1}},"195":{"start":{"line":405,"column":37},"end":{"line":405,"column":48}},"196":{"start":{"line":407,"column":17},"end":{"line":424,"column":3}},"197":{"start":{"line":420,"column":33},"end":{"line":420,"column":37}},"198":{"start":{"line":426,"column":2},"end":{"line":434,"column":4}},"199":{"start":{"line":427,"column":17},"end":{"line":427,"column":66}},"200":{"start":{"line":428,"column":4},"end":{"line":428,"column":65}},"201":{"start":{"line":428,"column":17},"end":{"line":428,"column":65}},"202":{"start":{"line":429,"column":4},"end":{"line":433,"column":5}},"203":{"start":{"line":430,"column":8},"end":{"line":430,"column":29}},"204":{"start":{"line":430,"column":17},"end":{"line":430,"column":29}},"205":{"start":{"line":431,"column":8},"end":{"line":431,"column":24}}},"fnMap":{"0":{"name":"(anonymous_0)","decl":{"start":{"line":11,"column":28},"end":{"line":11,"column":29}},"loc":{"start":{"line":11,"column":43},"end":{"line":88,"column":1}},"line":11},"1":{"name":"(anonymous_1)","decl":{"start":{"line":19,"column":29},"end":{"line":19,"column":30}},"loc":{"start":{"line":19,"column":34},"end":{"line":36,"column":3}},"line":19},"2":{"name":"(anonymous_2)","decl":{"start":{"line":42,"column":31},"end":{"line":42,"column":32}},"loc":{"start":{"line":42,"column":36},"end":{"line":45,"column":3}},"line":42},"3":{"name":"(anonymous_3)","decl":{"start":{"line":94,"column":19},"end":{"line":94,"column":20}},"loc":{"start":{"line":94,"column":29},"end":{"line":101,"column":1}},"line":94},"4":{"name":"(anonymous_4)","decl":{"start":{"line":99,"column":25},"end":{"line":99,"column":26}},"loc":{"start":{"line":99,"column":30},"end":{"line":99,"column":44}},"line":99},"5":{"name":"(anonymous_5)","decl":{"start":{"line":111,"column":21},"end":{"line":111,"column":22}},"loc":{"start":{"line":117,"column":6},"end":{"line":127,"column":1}},"line":117},"6":{"name":"(anonymous_6)","decl":{"start":{"line":133,"column":19},"end":{"line":133,"column":20}},"loc":{"start":{"line":133,"column":30},"end":{"line":135,"column":1}},"line":133},"7":{"name":"(anonymous_7)","decl":{"start":{"line":142,"column":16},"end":{"line":142,"column":17}},"loc":{"start":{"line":142,"column":33},"end":{"line":267,"column":1}},"line":142},"8":{"name":"(anonymous_8)","decl":{"start":{"line":195,"column":56},"end":{"line":195,"column":57}},"loc":{"start":{"line":195,"column":62},"end":{"line":198,"column":11}},"line":195},"9":{"name":"(anonymous_9)","decl":{"start":{"line":210,"column":47},"end":{"line":210,"column":48}},"loc":{"start":{"line":210,"column":52},"end":{"line":210,"column":61}},"line":210},"10":{"name":"(anonymous_10)","decl":{"start":{"line":211,"column":33},"end":{"line":211,"column":34}},"loc":{"start":{"line":211,"column":38},"end":{"line":211,"column":47}},"line":211},"11":{"name":"(anonymous_11)","decl":{"start":{"line":223,"column":43},"end":{"line":223,"column":44}},"loc":{"start":{"line":223,"column":48},"end":{"line":223,"column":57}},"line":223},"12":{"name":"(anonymous_12)","decl":{"start":{"line":292,"column":30},"end":{"line":292,"column":31}},"loc":{"start":{"line":292,"column":53},"end":{"line":327,"column":1}},"line":292},"13":{"name":"(anonymous_13)","decl":{"start":{"line":296,"column":26},"end":{"line":296,"column":27}},"loc":{"start":{"line":296,"column":58},"end":{"line":323,"column":3}},"line":296},"14":{"name":"(anonymous_14)","decl":{"start":{"line":297,"column":28},"end":{"line":297,"column":29}},"loc":{"start":{"line":297,"column":45},"end":{"line":322,"column":5}},"line":297},"15":{"name":"(anonymous_15)","decl":{"start":{"line":329,"column":32},"end":{"line":329,"column":33}},"loc":{"start":{"line":329,"column":55},"end":{"line":402,"column":1}},"line":329},"16":{"name":"(anonymous_16)","decl":{"start":{"line":333,"column":24},"end":{"line":333,"column":25}},"loc":{"start":{"line":333,"column":55},"end":{"line":379,"column":3}},"line":333},"17":{"name":"(anonymous_17)","decl":{"start":{"line":359,"column":59},"end":{"line":359,"column":60}},"loc":{"start":{"line":359,"column":64},"end":{"line":359,"column":86}},"line":359},"18":{"name":"(anonymous_18)","decl":{"start":{"line":360,"column":30},"end":{"line":360,"column":31}},"loc":{"start":{"line":360,"column":35},"end":{"line":360,"column":71}},"line":360},"19":{"name":"(anonymous_19)","decl":{"start":{"line":365,"column":24},"end":{"line":365,"column":25}},"loc":{"start":{"line":365,"column":29},"end":{"line":375,"column":9}},"line":365},"20":{"name":"(anonymous_20)","decl":{"start":{"line":385,"column":18},"end":{"line":385,"column":19}},"loc":{"start":{"line":385,"column":23},"end":{"line":400,"column":3}},"line":385},"21":{"name":"(anonymous_21)","decl":{"start":{"line":396,"column":31},"end":{"line":396,"column":32}},"loc":{"start":{"line":396,"column":36},"end":{"line":398,"column":7}},"line":396},"22":{"name":"(anonymous_22)","decl":{"start":{"line":404,"column":28},"end":{"line":404,"column":29}},"loc":{"start":{"line":404,"column":45},"end":{"line":435,"column":1}},"line":404},"23":{"name":"(anonymous_23)","decl":{"start":{"line":420,"column":28},"end":{"line":420,"column":29}},"loc":{"start":{"line":420,"column":33},"end":{"line":420,"column":37}},"line":420},"24":{"name":"(anonymous_24)","decl":{"start":{"line":426,"column":22},"end":{"line":426,"column":23}},"loc":{"start":{"line":426,"column":43},"end":{"line":434,"column":3}},"line":426},"25":{"name":"(anonymous_25)","decl":{"start":{"line":429,"column":84},"end":{"line":429,"column":85}},"loc":{"start":{"line":429,"column":93},"end":{"line":432,"column":7}},"line":429}},"branchMap":{"0":{"loc":{"start":{"line":22,"column":4},"end":{"line":24,"column":5}},"type":"if","locations":[{"start":{"line":22,"column":4},"end":{"line":24,"column":5}},{"start":{},"end":{}}],"line":22},"1":{"loc":{"start":{"line":27,"column":4},"end":{"line":29,"column":5}},"type":"if","locations":[{"start":{"line":27,"column":4},"end":{"line":29,"column":5}},{"start":{},"end":{}}],"line":27},"2":{"loc":{"start":{"line":31,"column":4},"end":{"line":33,"column":5}},"type":"if","locations":[{"start":{"line":31,"column":4},"end":{"line":33,"column":5}},{"start":{},"end":{}}],"line":31},"3":{"loc":{"start":{"line":66,"column":6},"end":{"line":70,"column":7}},"type":"if","locations":[{"start":{"line":66,"column":6},"end":{"line":70,"column":7}},{"start":{},"end":{}}],"line":66},"4":{"loc":{"start":{"line":72,"column":6},"end":{"line":74,"column":7}},"type":"if","locations":[{"start":{"line":72,"column":6},"end":{"line":74,"column":7}},{"start":{},"end":{}}],"line":72},"5":{"loc":{"start":{"line":76,"column":6},"end":{"line":78,"column":7}},"type":"if","locations":[{"start":{"line":76,"column":6},"end":{"line":78,"column":7}},{"start":{},"end":{}}],"line":76},"6":{"loc":{"start":{"line":96,"column":2},"end":{"line":98,"column":34}},"type":"if","locations":[{"start":{"line":96,"column":2},"end":{"line":98,"column":34}},{"start":{"line":98,"column":7},"end":{"line":98,"column":34}}],"line":96},"7":{"loc":{"start":{"line":144,"column":2},"end":{"line":260,"column":3}},"type":"switch","locations":[{"start":{"line":145,"column":4},"end":{"line":145,"column":34}},{"start":{"line":146,"column":4},"end":{"line":146,"column":35}},{"start":{"line":147,"column":4},"end":{"line":147,"column":42}},{"start":{"line":148,"column":4},"end":{"line":169,"column":11}},{"start":{"line":170,"column":4},"end":{"line":185,"column":11}},{"start":{"line":186,"column":4},"end":{"line":201,"column":11}},{"start":{"line":202,"column":4},"end":{"line":214,"column":11}},{"start":{"line":215,"column":4},"end":{"line":226,"column":11}},{"start":{"line":227,"column":4},"end":{"line":238,"column":11}},{"start":{"line":239,"column":4},"end":{"line":249,"column":11}},{"start":{"line":250,"column":4},"end":{"line":250,"column":21}},{"start":{"line":251,"column":4},"end":{"line":251,"column":26}},{"start":{"line":252,"column":4},"end":{"line":252,"column":27}},{"start":{"line":253,"column":4},"end":{"line":259,"column":11}}],"line":144},"8":{"loc":{"start":{"line":150,"column":6},"end":{"line":157,"column":7}},"type":"if","locations":[{"start":{"line":150,"column":6},"end":{"line":157,"column":7}},{"start":{},"end":{}}],"line":150},"9":{"loc":{"start":{"line":152,"column":10},"end":{"line":155,"column":11}},"type":"if","locations":[{"start":{"line":152,"column":10},"end":{"line":155,"column":11}},{"start":{},"end":{}}],"line":152},"10":{"loc":{"start":{"line":159,"column":6},"end":{"line":163,"column":7}},"type":"if","locations":[{"start":{"line":159,"column":6},"end":{"line":163,"column":7}},{"start":{"line":161,"column":13},"end":{"line":163,"column":7}}],"line":159},"11":{"loc":{"start":{"line":160,"column":61},"end":{"line":160,"column":83}},"type":"binary-expr","locations":[{"start":{"line":160,"column":61},"end":{"line":160,"column":71}},{"start":{"line":160,"column":75},"end":{"line":160,"column":83}}],"line":160},"12":{"loc":{"start":{"line":161,"column":13},"end":{"line":163,"column":7}},"type":"if","locations":[{"start":{"line":161,"column":13},"end":{"line":163,"column":7}},{"start":{},"end":{}}],"line":161},"13":{"loc":{"start":{"line":162,"column":64},"end":{"line":162,"column":86}},"type":"binary-expr","locations":[{"start":{"line":162,"column":64},"end":{"line":162,"column":74}},{"start":{"line":162,"column":78},"end":{"line":162,"column":86}}],"line":162},"14":{"loc":{"start":{"line":166,"column":15},"end":{"line":166,"column":55}},"type":"binary-expr","locations":[{"start":{"line":166,"column":15},"end":{"line":166,"column":33}},{"start":{"line":166,"column":37},"end":{"line":166,"column":55}}],"line":166},"15":{"loc":{"start":{"line":172,"column":52},"end":{"line":172,"column":74}},"type":"binary-expr","locations":[{"start":{"line":172,"column":52},"end":{"line":172,"column":62}},{"start":{"line":172,"column":66},"end":{"line":172,"column":74}}],"line":172},"16":{"loc":{"start":{"line":175,"column":6},"end":{"line":180,"column":7}},"type":"if","locations":[{"start":{"line":175,"column":6},"end":{"line":180,"column":7}},{"start":{"line":177,"column":13},"end":{"line":180,"column":7}}],"line":175},"17":{"loc":{"start":{"line":175,"column":10},"end":{"line":175,"column":73}},"type":"binary-expr","locations":[{"start":{"line":175,"column":10},"end":{"line":175,"column":40}},{"start":{"line":175,"column":44},"end":{"line":175,"column":73}}],"line":175},"18":{"loc":{"start":{"line":179,"column":8},"end":{"line":179,"column":67}},"type":"if","locations":[{"start":{"line":179,"column":8},"end":{"line":179,"column":67}},{"start":{},"end":{}}],"line":179},"19":{"loc":{"start":{"line":188,"column":52},"end":{"line":188,"column":74}},"type":"binary-expr","locations":[{"start":{"line":188,"column":52},"end":{"line":188,"column":62}},{"start":{"line":188,"column":66},"end":{"line":188,"column":74}}],"line":188},"20":{"loc":{"start":{"line":203,"column":52},"end":{"line":203,"column":74}},"type":"binary-expr","locations":[{"start":{"line":203,"column":52},"end":{"line":203,"column":62}},{"start":{"line":203,"column":66},"end":{"line":203,"column":74}}],"line":203},"21":{"loc":{"start":{"line":216,"column":52},"end":{"line":216,"column":74}},"type":"binary-expr","locations":[{"start":{"line":216,"column":52},"end":{"line":216,"column":62}},{"start":{"line":216,"column":66},"end":{"line":216,"column":74}}],"line":216},"22":{"loc":{"start":{"line":229,"column":52},"end":{"line":229,"column":74}},"type":"binary-expr","locations":[{"start":{"line":229,"column":52},"end":{"line":229,"column":62}},{"start":{"line":229,"column":66},"end":{"line":229,"column":74}}],"line":229},"23":{"loc":{"start":{"line":240,"column":52},"end":{"line":240,"column":74}},"type":"binary-expr","locations":[{"start":{"line":240,"column":52},"end":{"line":240,"column":62}},{"start":{"line":240,"column":66},"end":{"line":240,"column":74}}],"line":240},"24":{"loc":{"start":{"line":254,"column":52},"end":{"line":254,"column":74}},"type":"binary-expr","locations":[{"start":{"line":254,"column":52},"end":{"line":254,"column":62}},{"start":{"line":254,"column":66},"end":{"line":254,"column":74}}],"line":254},"25":{"loc":{"start":{"line":265,"column":2},"end":{"line":265,"column":52}},"type":"if","locations":[{"start":{"line":265,"column":2},"end":{"line":265,"column":52}},{"start":{},"end":{}}],"line":265},"26":{"loc":{"start":{"line":303,"column":6},"end":{"line":319,"column":7}},"type":"if","locations":[{"start":{"line":303,"column":6},"end":{"line":319,"column":7}},{"start":{"line":311,"column":13},"end":{"line":319,"column":7}}],"line":303},"27":{"loc":{"start":{"line":317,"column":8},"end":{"line":317,"column":63}},"type":"if","locations":[{"start":{"line":317,"column":8},"end":{"line":317,"column":63}},{"start":{},"end":{}}],"line":317},"28":{"loc":{"start":{"line":318,"column":8},"end":{"line":318,"column":63}},"type":"if","locations":[{"start":{"line":318,"column":8},"end":{"line":318,"column":63}},{"start":{},"end":{}}],"line":318},"29":{"loc":{"start":{"line":336,"column":4},"end":{"line":336,"column":58}},"type":"if","locations":[{"start":{"line":336,"column":4},"end":{"line":336,"column":58}},{"start":{},"end":{}}],"line":336},"30":{"loc":{"start":{"line":342,"column":4},"end":{"line":377,"column":5}},"type":"if","locations":[{"start":{"line":342,"column":4},"end":{"line":377,"column":5}},{"start":{"line":350,"column":11},"end":{"line":377,"column":5}}],"line":342},"31":{"loc":{"start":{"line":355,"column":6},"end":{"line":361,"column":7}},"type":"if","locations":[{"start":{"line":355,"column":6},"end":{"line":361,"column":7}},{"start":{},"end":{}}],"line":355},"32":{"loc":{"start":{"line":362,"column":6},"end":{"line":376,"column":7}},"type":"if","locations":[{"start":{"line":362,"column":6},"end":{"line":376,"column":7}},{"start":{},"end":{}}],"line":362},"33":{"loc":{"start":{"line":367,"column":10},"end":{"line":374,"column":11}},"type":"if","locations":[{"start":{"line":367,"column":10},"end":{"line":374,"column":11}},{"start":{},"end":{}}],"line":367},"34":{"loc":{"start":{"line":369,"column":14},"end":{"line":372,"column":15}},"type":"if","locations":[{"start":{"line":369,"column":14},"end":{"line":372,"column":15}},{"start":{},"end":{}}],"line":369},"35":{"loc":{"start":{"line":387,"column":28},"end":{"line":387,"column":42}},"type":"binary-expr","locations":[{"start":{"line":387,"column":28},"end":{"line":387,"column":34}},{"start":{"line":387,"column":38},"end":{"line":387,"column":42}}],"line":387},"36":{"loc":{"start":{"line":393,"column":4},"end":{"line":399,"column":5}},"type":"if","locations":[{"start":{"line":393,"column":4},"end":{"line":399,"column":5}},{"start":{"line":395,"column":11},"end":{"line":399,"column":5}}],"line":393},"37":{"loc":{"start":{"line":428,"column":4},"end":{"line":428,"column":65}},"type":"if","locations":[{"start":{"line":428,"column":4},"end":{"line":428,"column":65}},{"start":{},"end":{}}],"line":428},"38":{"loc":{"start":{"line":430,"column":8},"end":{"line":430,"column":29}},"type":"if","locations":[{"start":{"line":430,"column":8},"end":{"line":430,"column":29}},{"start":{},"end":{}}],"line":430}},"s":{"0":1,"1":1,"2":1,"3":2,"4":2,"5":56,"6":56,"7":36,"8":20,"9":20,"10":0,"11":20,"12":0,"13":20,"14":2,"15":4,"16":4,"17":2,"18":10,"19":10,"20":10,"21":14,"22":14,"23":14,"24":14,"25":14,"26":0,"27":0,"28":14,"29":14,"30":56,"31":14,"32":14,"33":4,"34":14,"35":14,"36":2,"37":1,"38":19,"39":19,"40":10,"41":9,"42":19,"43":17,"44":19,"45":1,"46":1,"47":1,"48":15,"49":1,"50":15,"51":15,"52":3,"53":3,"54":0,"55":0,"56":0,"57":0,"58":3,"59":3,"60":3,"61":1,"62":0,"63":0,"64":0,"65":3,"66":3,"67":12,"68":12,"69":5,"70":12,"71":12,"72":12,"73":2,"74":10,"75":10,"76":0,"77":12,"78":12,"79":0,"80":0,"81":0,"82":0,"83":0,"84":0,"85":0,"86":0,"87":0,"88":0,"89":0,"90":0,"91":0,"92":0,"93":0,"94":0,"95":0,"96":0,"97":0,"98":0,"99":0,"100":0,"101":0,"102":0,"103":0,"104":0,"105":0,"106":0,"107":0,"108":0,"109":15,"110":15,"111":15,"112":15,"113":15,"114":13,"115":15,"116":1,"117":1,"118":1,"119":1,"120":1,"121":1,"122":1,"123":1,"124":1,"125":1,"126":1,"127":9,"128":9,"129":9,"130":9,"131":9,"132":2,"133":2,"134":2,"135":2,"136":7,"137":7,"138":7,"139":7,"140":6,"141":7,"142":2,"143":9,"144":1,"145":1,"146":1,"147":1,"148":1,"149":1,"150":1,"151":6,"152":6,"153":6,"154":6,"155":6,"156":6,"157":0,"158":0,"159":0,"160":0,"161":6,"162":6,"163":6,"164":6,"165":5,"166":5,"167":5,"168":3,"169":6,"170":2,"171":2,"172":2,"173":1,"174":1,"175":1,"176":1,"177":6,"178":1,"179":1,"180":1,"181":1,"182":2,"183":2,"184":2,"185":2,"186":2,"187":2,"188":2,"189":2,"190":1,"191":1,"192":1,"193":1,"194":1,"195":1,"196":1,"197":2,"198":1,"199":1,"200":1,"201":0,"202":1,"203":1,"204":0,"205":1},"f":{"0":2,"1":56,"2":4,"3":19,"4":17,"5":1,"6":15,"7":15,"8":0,"9":0,"10":0,"11":0,"12":1,"13":9,"14":9,"15":1,"16":6,"17":5,"18":3,"19":2,"20":2,"21":1,"22":1,"23":2,"24":1,"25":1},"b":{"0":[36,20],"1":[0,20],"2":[0,20],"3":[14,0],"4":[14,0],"5":[14,0],"6":[10,9],"7":[0,3,3,3,12,0,0,0,0,0,0,0,0,0],"8":[0,3],"9":[0,0],"10":[3,0],"11":[1,0],"12":[0,0],"13":[0,0],"14":[3,0],"15":[5,0],"16":[2,10],"17":[12,12],"18":[0,10],"19":[0,0],"20":[0,0],"21":[0,0],"22":[0,0],"23":[0,0],"24":[0,0],"25":[13,2],"26":[2,7],"27":[6,1],"28":[2,5],"29":[6,0],"30":[0,6],"31":[5,1],"32":[2,4],"33":[1,1],"34":[1,0],"35":[2,0],"36":[1,1],"37":[0,1],"38":[0,1]},"inputSourceMap":null,"_coverageSchema":"1a1c01bbd47fc00a2c39e90264f33305004495a9","hash":"9baf957f39fb2274c887aa1efbd9ce289f9cc17a"}
,"F:\\project\\webpackModuleGraphPlugin\\lib\\webpack4Plugin.js": {"path":"F:\\project\\webpackModuleGraphPlugin\\lib\\webpack4Plugin.js","statementMap":{"0":{"start":{"line":1,"column":20},"end":{"line":1,"column":46}},"1":{"start":{"line":3,"column":50},"end":{"line":3,"column":82}},"2":{"start":{"line":4,"column":0},"end":{"line":32,"column":1}},"3":{"start":{"line":5,"column":2},"end":{"line":31,"column":3}},"4":{"start":{"line":7,"column":6},"end":{"line":8,"column":35}},"5":{"start":{"line":7,"column":38},"end":{"line":7,"column":54}},"6":{"start":{"line":8,"column":11},"end":{"line":8,"column":35}},"7":{"start":{"line":12,"column":6},"end":{"line":25,"column":8}},"8":{"start":{"line":14,"column":8},"end":{"line":24,"column":9}},"9":{"start":{"line":15,"column":10},"end":{"line":15,"column":84}},"10":{"start":{"line":15,"column":57},"end":{"line":15,"column":83}},"11":{"start":{"line":17,"column":10},"end":{"line":17,"column":100}},"12":{"start":{"line":17,"column":71},"end":{"line":17,"column":99}},"13":{"start":{"line":19,"column":10},"end":{"line":23,"column":12}},"14":{"start":{"line":20,"column":25},"end":{"line":20,"column":55}},"15":{"start":{"line":21,"column":12},"end":{"line":21,"column":53}},"16":{"start":{"line":21,"column":31},"end":{"line":21,"column":53}},"17":{"start":{"line":22,"column":12},"end":{"line":22,"column":41}},"18":{"start":{"line":22,"column":27},"end":{"line":22,"column":41}},"19":{"start":{"line":29,"column":6},"end":{"line":29,"column":30}}},"fnMap":{"0":{"name":"(anonymous_0)","decl":{"start":{"line":4,"column":17},"end":{"line":4,"column":18}},"loc":{"start":{"line":4,"column":34},"end":{"line":32,"column":1}},"line":4},"1":{"name":"(anonymous_1)","decl":{"start":{"line":6,"column":4},"end":{"line":6,"column":5}},"loc":{"start":{"line":6,"column":31},"end":{"line":9,"column":5}},"line":6},"2":{"name":"(anonymous_2)","decl":{"start":{"line":11,"column":4},"end":{"line":11,"column":5}},"loc":{"start":{"line":11,"column":21},"end":{"line":26,"column":5}},"line":11},"3":{"name":"(anonymous_3)","decl":{"start":{"line":12,"column":51},"end":{"line":12,"column":52}},"loc":{"start":{"line":12,"column":78},"end":{"line":25,"column":7}},"line":12},"4":{"name":"(anonymous_4)","decl":{"start":{"line":15,"column":51},"end":{"line":15,"column":52}},"loc":{"start":{"line":15,"column":57},"end":{"line":15,"column":83}},"line":15},"5":{"name":"(anonymous_5)","decl":{"start":{"line":17,"column":65},"end":{"line":17,"column":66}},"loc":{"start":{"line":17,"column":71},"end":{"line":17,"column":99}},"line":17},"6":{"name":"(anonymous_6)","decl":{"start":{"line":19,"column":56},"end":{"line":19,"column":57}},"loc":{"start":{"line":19,"column":68},"end":{"line":23,"column":11}},"line":19},"7":{"name":"(anonymous_7)","decl":{"start":{"line":28,"column":4},"end":{"line":28,"column":5}},"loc":{"start":{"line":28,"column":20},"end":{"line":30,"column":5}},"line":28}},"branchMap":{"0":{"loc":{"start":{"line":6,"column":17},"end":{"line":6,"column":29}},"type":"default-arg","locations":[{"start":{"line":6,"column":27},"end":{"line":6,"column":29}}],"line":6},"1":{"loc":{"start":{"line":7,"column":6},"end":{"line":8,"column":35}},"type":"if","locations":[{"start":{"line":7,"column":6},"end":{"line":8,"column":35}},{"start":{"line":8,"column":11},"end":{"line":8,"column":35}}],"line":7},"2":{"loc":{"start":{"line":14,"column":8},"end":{"line":24,"column":9}},"type":"if","locations":[{"start":{"line":14,"column":8},"end":{"line":24,"column":9}},{"start":{},"end":{}}],"line":14},"3":{"loc":{"start":{"line":21,"column":12},"end":{"line":21,"column":53}},"type":"if","locations":[{"start":{"line":21,"column":12},"end":{"line":21,"column":53}},{"start":{},"end":{}}],"line":21},"4":{"loc":{"start":{"line":22,"column":12},"end":{"line":22,"column":41}},"type":"if","locations":[{"start":{"line":22,"column":12},"end":{"line":22,"column":41}},{"start":{},"end":{}}],"line":22}},"s":{"0":1,"1":1,"2":1,"3":1,"4":2,"5":1,"6":1,"7":1,"8":1,"9":1,"10":1,"11":1,"12":1,"13":1,"14":1,"15":1,"16":1,"17":1,"18":0,"19":1},"f":{"0":1,"1":2,"2":1,"3":1,"4":1,"5":1,"6":1,"7":1},"b":{"0":[1],"1":[1,1],"2":[1,0],"3":[1,0],"4":[0,1]},"inputSourceMap":null,"_coverageSchema":"1a1c01bbd47fc00a2c39e90264f33305004495a9","hash":"19346adec0e8a113b4fa0e226b983206a912c776"}
}
