TN:
SF:lib\index.js
FN:18,portIsOccupied
FN:21,(anonymous_1)
FN:26,(anonymous_2)
FN:33,(anonymous_3)
FN:33,(anonymous_4)
FN:36,(anonymous_5)
FNF:6
FNH:0
FNDA:0,portIsOccupied
FNDA:0,(anonymous_1)
FNDA:0,(anonymous_2)
FNDA:0,(anonymous_3)
FNDA:0,(anonymous_4)
FNDA:0,(anonymous_5)
DA:1,2
DA:2,2
DA:3,2
DA:4,2
DA:5,2
DA:6,2
DA:8,2
DA:9,2
DA:11,0
DA:14,2
DA:19,0
DA:21,0
DA:22,0
DA:23,0
DA:26,0
DA:27,0
DA:28,0
DA:33,2
DA:34,0
DA:35,0
DA:36,0
DA:37,0
DA:38,0
DA:43,2
DA:44,2
DA:47,2
DA:48,2
LF:27
LH:14
BRDA:9,0,0,0
BRDA:9,0,1,2
BRDA:9,1,0,2
BRDA:9,1,1,2
BRDA:27,2,0,0
BRDA:27,2,1,0
BRDA:44,3,0,0
BRDA:44,3,1,2
BRF:8
BRH:4
end_of_record
TN:
SF:lib\webpack4Handler.js
FN:11,(anonymous_0)
FN:19,(anonymous_1)
FN:42,(anonymous_2)
FN:94,(anonymous_3)
FN:99,(anonymous_4)
FN:111,(anonymous_5)
FN:133,(anonymous_6)
FN:142,(anonymous_7)
FN:148,(anonymous_8)
FN:156,(anonymous_9)
FN:191,(anonymous_10)
FN:206,(anonymous_11)
FN:207,(anonymous_12)
FN:219,(anonymous_13)
FN:272,(anonymous_14)
FN:277,(anonymous_15)
FN:279,(anonymous_16)
FN:285,(anonymous_17)
FN:289,(anonymous_18)
FN:290,(anonymous_19)
FN:317,(anonymous_20)
FN:340,(anonymous_21)
FN:341,(anonymous_22)
FN:344,(anonymous_23)
FN:345,(anonymous_24)
FN:349,(anonymous_25)
FN:364,(anonymous_26)
FN:380,(anonymous_27)
FN:387,(anonymous_28)
FN:390,(anonymous_29)
FNF:30
FNH:26
FNDA:2,(anonymous_0)
FNDA:62,(anonymous_1)
FNDA:4,(anonymous_2)
FNDA:32,(anonymous_3)
FNDA:28,(anonymous_4)
FNDA:2,(anonymous_5)
FNDA:22,(anonymous_6)
FNDA:28,(anonymous_7)
FNDA:4,(anonymous_8)
FNDA:0,(anonymous_9)
FNDA:6,(anonymous_10)
FNDA:0,(anonymous_11)
FNDA:0,(anonymous_12)
FNDA:0,(anonymous_13)
FNDA:2,(anonymous_14)
FNDA:2,(anonymous_15)
FNDA:4,(anonymous_16)
FNDA:4,(anonymous_17)
FNDA:17,(anonymous_18)
FNDA:17,(anonymous_19)
FNDA:11,(anonymous_20)
FNDA:9,(anonymous_21)
FNDA:7,(anonymous_22)
FNDA:4,(anonymous_23)
FNDA:8,(anonymous_24)
FNDA:2,(anonymous_25)
FNDA:2,(anonymous_26)
FNDA:4,(anonymous_27)
FNDA:2,(anonymous_28)
FNDA:2,(anonymous_29)
DA:1,2
DA:2,2
DA:11,2
DA:13,2
DA:19,2
DA:21,62
DA:22,62
DA:23,44
DA:26,18
DA:27,18
DA:28,0
DA:31,18
DA:32,0
DA:35,18
DA:42,2
DA:43,4
DA:44,4
DA:58,2
DA:59,9
DA:60,9
DA:61,9
DA:62,13
DA:63,13
DA:64,13
DA:66,13
DA:67,13
DA:68,0
DA:72,13
DA:73,62
DA:76,13
DA:77,13
DA:80,13
DA:84,13
DA:87,2
DA:94,2
DA:95,32
DA:96,32
DA:98,12
DA:99,32
DA:100,32
DA:111,2
DA:118,2
DA:133,2
DA:134,22
DA:142,2
DA:143,28
DA:144,28
DA:147,6
DA:148,6
DA:149,6
DA:153,6
DA:155,0
DA:156,0
DA:157,0
DA:165,0
DA:167,20
DA:168,20
DA:169,20
DA:170,20
DA:171,20
DA:172,2
DA:174,18
DA:175,18
DA:177,20
DA:181,20
DA:183,2
DA:184,2
DA:185,2
DA:191,6
DA:197,2
DA:199,0
DA:200,0
DA:206,0
DA:207,0
DA:210,0
DA:212,0
DA:213,0
DA:219,0
DA:222,0
DA:224,0
DA:225,0
DA:226,0
DA:234,0
DA:240,0
DA:244,0
DA:246,28
DA:247,28
DA:248,28
DA:249,28
DA:250,28
DA:251,28
DA:258,2
DA:264,2
DA:266,2
DA:267,2
DA:269,2
DA:270,2
DA:272,2
DA:273,2
DA:274,2
DA:277,2
DA:278,2
DA:279,4
DA:281,1
DA:285,4
DA:286,2
DA:288,2
DA:289,2
DA:290,17
DA:291,17
DA:292,17
DA:293,17
DA:296,17
DA:297,4
DA:298,4
DA:302,4
DA:303,4
DA:306,13
DA:307,13
DA:309,13
DA:310,13
DA:311,13
DA:314,17
DA:317,2
DA:320,11
DA:322,11
DA:323,11
DA:324,11
DA:326,11
DA:327,0
DA:328,0
DA:329,0
DA:330,0
DA:335,11
DA:336,11
DA:338,11
DA:339,11
DA:340,9
DA:341,9
DA:343,11
DA:344,4
DA:345,4
DA:346,8
DA:347,8
DA:349,4
DA:353,11
DA:356,2
DA:357,2
DA:358,2
DA:360,2
DA:361,2
DA:362,2
DA:364,2
DA:365,2
DA:367,2
DA:380,4
DA:387,2
DA:388,2
DA:389,2
DA:390,2
DA:391,2
DA:392,2
LF:162
LH:136
BRDA:22,0,0,44
BRDA:22,0,1,18
BRDA:27,1,0,0
BRDA:27,1,1,18
BRDA:31,2,0,0
BRDA:31,2,1,18
BRDA:66,3,0,13
BRDA:66,3,1,0
BRDA:72,4,0,13
BRDA:72,4,1,0
BRDA:76,5,0,13
BRDA:76,5,1,0
BRDA:96,6,0,20
BRDA:96,6,1,12
BRDA:144,7,0,0
BRDA:144,7,1,6
BRDA:144,7,2,0
BRDA:144,7,3,20
BRDA:144,7,4,2
BRDA:144,7,5,0
BRDA:144,7,6,0
BRDA:144,7,7,0
BRDA:144,7,8,0
BRDA:144,7,9,0
BRDA:144,7,10,0
BRDA:144,7,11,0
BRDA:144,7,12,0
BRDA:150,8,0,6
BRDA:150,8,1,0
BRDA:171,9,0,2
BRDA:171,9,1,18
BRDA:171,10,0,20
BRDA:171,10,1,20
BRDA:175,11,0,0
BRDA:175,11,1,18
BRDA:250,12,0,24
BRDA:250,12,1,4
BRDA:278,13,0,1
BRDA:278,13,1,1
BRDA:296,14,0,4
BRDA:296,14,1,13
BRDA:310,15,0,11
BRDA:310,15,1,2
BRDA:311,16,0,4
BRDA:311,16,1,9
BRDA:320,17,0,11
BRDA:320,17,1,0
BRDA:326,18,0,0
BRDA:326,18,1,11
BRDA:339,19,0,9
BRDA:339,19,1,2
BRDA:343,20,0,4
BRDA:343,20,1,7
BRDA:347,21,0,8
BRDA:347,21,1,8
BRDA:389,22,0,0
BRDA:389,22,1,2
BRDA:391,23,0,0
BRDA:391,23,1,2
BRF:59
BRH:38
end_of_record
TN:
SF:lib\webpack4Plugin.js
FN:5,(anonymous_0)
FN:7,(anonymous_1)
FN:12,(anonymous_2)
FN:13,(anonymous_3)
FN:16,(anonymous_4)
FNF:5
FNH:2
FNDA:2,(anonymous_0)
FNDA:2,(anonymous_1)
FNDA:0,(anonymous_2)
FNDA:0,(anonymous_3)
FNDA:0,(anonymous_4)
DA:1,2
DA:3,2
DA:5,2
DA:6,2
DA:8,2
DA:9,0
DA:13,0
DA:15,0
DA:16,0
DA:17,0
DA:18,0
LF:11
LH:5
BRDA:7,0,0,2
BRDA:8,1,0,2
BRDA:8,1,1,0
BRDA:15,2,0,0
BRDA:15,2,1,0
BRDA:18,3,0,0
BRDA:18,3,1,0
BRF:7
BRH:2
end_of_record
