TN:
SF:lib\index.js
FN:18,portIsOccupied
FN:21,(anonymous_1)
FN:26,(anonymous_2)
FN:33,(anonymous_3)
FN:33,(anonymous_4)
FN:36,(anonymous_5)
FNF:6
FNH:0
FNDA:0,portIsOccupied
FNDA:0,(anonymous_1)
FNDA:0,(anonymous_2)
FNDA:0,(anonymous_3)
FNDA:0,(anonymous_4)
FNDA:0,(anonymous_5)
DA:1,1
DA:2,1
DA:3,1
DA:4,1
DA:5,1
DA:6,1
DA:8,1
DA:9,1
DA:11,0
DA:14,1
DA:19,0
DA:21,0
DA:22,0
DA:23,0
DA:26,0
DA:27,0
DA:28,0
DA:33,1
DA:34,0
DA:35,0
DA:36,0
DA:37,0
DA:38,0
DA:43,1
DA:44,1
DA:47,1
LF:26
LH:13
BRDA:9,0,0,0
BRDA:9,0,1,1
BRDA:9,1,0,1
BRDA:9,1,1,1
BRDA:27,2,0,0
BRDA:27,2,1,0
BRDA:44,3,0,0
BRDA:44,3,1,1
BRF:8
BRH:4
end_of_record
TN:
SF:lib\webpack4Handler.js
FN:11,(anonymous_0)
FN:19,(anonymous_1)
FN:42,(anonymous_2)
FN:94,(anonymous_3)
FN:99,(anonymous_4)
FN:111,(anonymous_5)
FN:133,(anonymous_6)
FN:142,(anonymous_7)
FN:195,(anonymous_8)
FN:210,(anonymous_9)
FN:211,(anonymous_10)
FN:223,(anonymous_11)
FN:292,(anonymous_12)
FN:296,(anonymous_13)
FN:297,(anonymous_14)
FN:329,(anonymous_15)
FN:333,(anonymous_16)
FN:359,(anonymous_17)
FN:360,(anonymous_18)
FN:365,(anonymous_19)
FN:385,(anonymous_20)
FN:396,(anonymous_21)
FN:404,(anonymous_22)
FN:420,(anonymous_23)
FN:426,(anonymous_24)
FN:429,(anonymous_25)
FNF:26
FNH:22
FNDA:2,(anonymous_0)
FNDA:56,(anonymous_1)
FNDA:4,(anonymous_2)
FNDA:19,(anonymous_3)
FNDA:17,(anonymous_4)
FNDA:1,(anonymous_5)
FNDA:15,(anonymous_6)
FNDA:15,(anonymous_7)
FNDA:0,(anonymous_8)
FNDA:0,(anonymous_9)
FNDA:0,(anonymous_10)
FNDA:0,(anonymous_11)
FNDA:1,(anonymous_12)
FNDA:9,(anonymous_13)
FNDA:9,(anonymous_14)
FNDA:1,(anonymous_15)
FNDA:6,(anonymous_16)
FNDA:5,(anonymous_17)
FNDA:3,(anonymous_18)
FNDA:2,(anonymous_19)
FNDA:2,(anonymous_20)
FNDA:1,(anonymous_21)
FNDA:1,(anonymous_22)
FNDA:2,(anonymous_23)
FNDA:1,(anonymous_24)
FNDA:1,(anonymous_25)
DA:1,1
DA:2,1
DA:11,1
DA:13,2
DA:19,2
DA:21,56
DA:22,56
DA:23,36
DA:26,20
DA:27,20
DA:28,0
DA:31,20
DA:32,0
DA:35,20
DA:42,2
DA:43,4
DA:44,4
DA:58,2
DA:59,10
DA:60,10
DA:61,10
DA:62,14
DA:63,14
DA:64,14
DA:66,14
DA:67,14
DA:68,0
DA:72,14
DA:73,56
DA:76,14
DA:77,14
DA:80,14
DA:84,14
DA:87,2
DA:94,1
DA:95,19
DA:96,19
DA:98,9
DA:99,19
DA:100,19
DA:111,1
DA:118,1
DA:133,1
DA:134,15
DA:142,1
DA:143,15
DA:144,15
DA:149,3
DA:150,3
DA:151,0
DA:152,0
DA:153,0
DA:154,0
DA:158,3
DA:159,3
DA:160,3
DA:161,0
DA:162,0
DA:165,3
DA:169,3
DA:171,12
DA:172,12
DA:173,12
DA:174,12
DA:175,12
DA:176,2
DA:178,10
DA:179,10
DA:181,12
DA:185,12
DA:187,0
DA:188,0
DA:189,0
DA:195,0
DA:201,0
DA:203,0
DA:204,0
DA:210,0
DA:211,0
DA:214,0
DA:216,0
DA:217,0
DA:223,0
DA:226,0
DA:228,0
DA:229,0
DA:230,0
DA:238,0
DA:240,0
DA:241,0
DA:249,0
DA:254,0
DA:255,0
DA:259,0
DA:261,15
DA:262,15
DA:263,15
DA:264,15
DA:265,15
DA:266,15
DA:273,1
DA:280,1
DA:281,1
DA:283,1
DA:284,1
DA:287,1
DA:288,1
DA:292,1
DA:293,1
DA:295,1
DA:296,1
DA:297,9
DA:298,9
DA:299,9
DA:300,9
DA:303,9
DA:304,2
DA:305,2
DA:309,2
DA:310,2
DA:313,7
DA:314,7
DA:316,7
DA:317,7
DA:318,7
DA:321,9
DA:324,1
DA:325,1
DA:326,1
DA:329,1
DA:330,1
DA:332,1
DA:333,1
DA:336,6
DA:338,6
DA:339,6
DA:340,6
DA:342,6
DA:343,0
DA:344,0
DA:345,0
DA:346,0
DA:351,6
DA:352,6
DA:354,6
DA:355,6
DA:359,5
DA:360,5
DA:362,6
DA:365,2
DA:366,2
DA:367,2
DA:368,1
DA:369,1
DA:370,1
DA:378,6
DA:381,1
DA:382,1
DA:383,1
DA:385,1
DA:386,2
DA:387,2
DA:388,2
DA:389,2
DA:390,2
DA:391,2
DA:392,2
DA:393,2
DA:394,1
DA:396,1
DA:397,1
DA:401,1
DA:404,1
DA:405,1
DA:407,1
DA:420,2
DA:426,1
DA:427,1
DA:428,1
DA:429,1
DA:430,1
DA:431,1
LF:182
LH:145
BRDA:22,0,0,36
BRDA:22,0,1,20
BRDA:27,1,0,0
BRDA:27,1,1,20
BRDA:31,2,0,0
BRDA:31,2,1,20
BRDA:66,3,0,14
BRDA:66,3,1,0
BRDA:72,4,0,14
BRDA:72,4,1,0
BRDA:76,5,0,14
BRDA:76,5,1,0
BRDA:96,6,0,10
BRDA:96,6,1,9
BRDA:144,7,0,0
BRDA:144,7,1,3
BRDA:144,7,2,3
BRDA:144,7,3,3
BRDA:144,7,4,12
BRDA:144,7,5,0
BRDA:144,7,6,0
BRDA:144,7,7,0
BRDA:144,7,8,0
BRDA:144,7,9,0
BRDA:144,7,10,0
BRDA:144,7,11,0
BRDA:144,7,12,0
BRDA:144,7,13,0
BRDA:150,8,0,0
BRDA:150,8,1,3
BRDA:152,9,0,0
BRDA:152,9,1,0
BRDA:159,10,0,3
BRDA:159,10,1,0
BRDA:160,11,0,1
BRDA:160,11,1,0
BRDA:161,12,0,0
BRDA:161,12,1,0
BRDA:162,13,0,0
BRDA:162,13,1,0
BRDA:166,14,0,3
BRDA:166,14,1,0
BRDA:172,15,0,5
BRDA:172,15,1,0
BRDA:175,16,0,2
BRDA:175,16,1,10
BRDA:175,17,0,12
BRDA:175,17,1,12
BRDA:179,18,0,0
BRDA:179,18,1,10
BRDA:188,19,0,0
BRDA:188,19,1,0
BRDA:203,20,0,0
BRDA:203,20,1,0
BRDA:216,21,0,0
BRDA:216,21,1,0
BRDA:229,22,0,0
BRDA:229,22,1,0
BRDA:240,23,0,0
BRDA:240,23,1,0
BRDA:254,24,0,0
BRDA:254,24,1,0
BRDA:265,25,0,13
BRDA:265,25,1,2
BRDA:303,26,0,2
BRDA:303,26,1,7
BRDA:317,27,0,6
BRDA:317,27,1,1
BRDA:318,28,0,2
BRDA:318,28,1,5
BRDA:336,29,0,6
BRDA:336,29,1,0
BRDA:342,30,0,0
BRDA:342,30,1,6
BRDA:355,31,0,5
BRDA:355,31,1,1
BRDA:362,32,0,2
BRDA:362,32,1,4
BRDA:367,33,0,1
BRDA:367,33,1,1
BRDA:369,34,0,1
BRDA:369,34,1,0
BRDA:387,35,0,2
BRDA:387,35,1,0
BRDA:393,36,0,1
BRDA:393,36,1,1
BRDA:428,37,0,0
BRDA:428,37,1,1
BRDA:430,38,0,0
BRDA:430,38,1,1
BRF:90
BRH:45
end_of_record
TN:
SF:lib\webpack4Plugin.js
FN:4,(anonymous_0)
FN:6,(anonymous_1)
FN:11,(anonymous_2)
FN:12,(anonymous_3)
FN:15,(anonymous_4)
FN:17,(anonymous_5)
FN:19,(anonymous_6)
FN:28,(anonymous_7)
FNF:8
FNH:8
FNDA:1,(anonymous_0)
FNDA:2,(anonymous_1)
FNDA:1,(anonymous_2)
FNDA:1,(anonymous_3)
FNDA:1,(anonymous_4)
FNDA:1,(anonymous_5)
FNDA:1,(anonymous_6)
FNDA:1,(anonymous_7)
DA:1,1
DA:3,1
DA:4,1
DA:5,1
DA:7,2
DA:8,1
DA:12,1
DA:14,1
DA:15,1
DA:17,1
DA:19,1
DA:20,1
DA:21,1
DA:22,1
DA:29,1
LF:15
LH:15
BRDA:6,0,0,1
BRDA:7,1,0,1
BRDA:7,1,1,1
BRDA:14,2,0,1
BRDA:14,2,1,0
BRDA:21,3,0,1
BRDA:21,3,1,0
BRDA:22,4,0,0
BRDA:22,4,1,1
BRF:9
BRH:6
end_of_record
